ERROR [AWT-EventQueue-0] 2017-11-05 21:54:50,238 repast.simphony.dataLoader.engine.SpaceProjectionBuilder - Unable to build continuous space 'space': too few dimensions specified
java.lang.IllegalArgumentException: Too few dimensions specified
	at repast.simphony.dataLoader.engine.SpaceProjectionBuilder$CSBuilder.init(SpaceProjectionBuilder.java:64)
	at repast.simphony.dataLoader.engine.SpaceProjectionBuilder$CSBuilder.<init>(SpaceProjectionBuilder.java:48)
	at repast.simphony.dataLoader.engine.SpaceProjectionBuilder.getBuilder(SpaceProjectionBuilder.java:109)
	at repast.simphony.dataLoader.engine.ContextBuilderFactory.createBuilder(ContextBuilderFactory.java:85)
	at repast.simphony.dataLoader.engine.ContextXMLBuilder.<init>(ContextXMLBuilder.java:47)
	at repast.simphony.dataLoader.engine.MIContextXMLBuilder.<init>(MIContextXMLBuilder.java:28)
	at repast.simphony.dataLoader.engine.MIContextXMLDataLoaderAction.<init>(MIContextXMLDataLoaderAction.java:53)
	at repast.simphony.dataLoader.engine.MIContextXMLDataLoaderControllerActionIO$ScoreActionLoader.loadAction(MIContextXMLDataLoaderControllerActionIO.java:38)
	at repast.simphony.scenario.ScenarioFileLoader.createActions(ScenarioFileLoader.java:90)
	at repast.simphony.scenario.ScenarioFileLoader.load(ScenarioFileLoader.java:66)
	at repast.simphony.scenario.ScenarioLoader.load(ScenarioLoader.java:193)
	at repast.simphony.ui.RSApplication.open(RSApplication.java:359)
	at repast.simphony.ui.RSAppConfigurator.postWindowOpen(RSAppConfigurator.java:39)
	at saf.core.ui.GUICreatorDelegate.runDisplay(GUICreatorDelegate.java:188)
	at saf.core.ui.GUICreator$1.run(GUICreator.java:18)
	at simphony.util.ThreadUtilities$Runner.run(ThreadUtilities.java:33)
	at simphony.util.ThreadUtilities.runInEventThread(ThreadUtilities.java:47)
	at saf.core.ui.GUICreator.runDisplay(GUICreator.java:16)
	at repast.simphony.ui.RSUIPlugin$1.run(RSUIPlugin.java:104)
	at java.awt.event.InvocationEvent.dispatch(Unknown Source)
	at java.awt.EventQueue.dispatchEventImpl(Unknown Source)
	at java.awt.EventQueue.access$500(Unknown Source)
	at java.awt.EventQueue$3.run(Unknown Source)
	at java.awt.EventQueue$3.run(Unknown Source)
	at java.security.AccessController.doPrivileged(Native Method)
	at java.security.ProtectionDomain$JavaSecurityAccessImpl.doIntersectionPrivilege(Unknown Source)
	at java.awt.EventQueue.dispatchEvent(Unknown Source)
	at java.awt.EventDispatchThread.pumpOneEventForFilters(Unknown Source)
	at java.awt.EventDispatchThread.pumpEventsForFilter(Unknown Source)
	at java.awt.EventDispatchThread.pumpEventsForHierarchy(Unknown Source)
	at java.awt.EventDispatchThread.pumpEvents(Unknown Source)
	at java.awt.EventDispatchThread.pumpEvents(Unknown Source)
	at java.awt.EventDispatchThread.run(Unknown Source)
ERROR [AWT-EventQueue-0] 2017-11-05 21:54:50,238 repast.simphony.dataLoader.engine.SpaceProjectionBuilder - Unable to build continuous space 'space': invalid border rule
java.lang.IllegalArgumentException: Invalid border rule
	at repast.simphony.dataLoader.engine.SpaceProjectionBuilder$CSBuilder.init(SpaceProjectionBuilder.java:69)
	at repast.simphony.dataLoader.engine.SpaceProjectionBuilder$CSBuilder.<init>(SpaceProjectionBuilder.java:48)
	at repast.simphony.dataLoader.engine.SpaceProjectionBuilder.getBuilder(SpaceProjectionBuilder.java:109)
	at repast.simphony.dataLoader.engine.ContextBuilderFactory.createBuilder(ContextBuilderFactory.java:85)
	at repast.simphony.dataLoader.engine.ContextXMLBuilder.<init>(ContextXMLBuilder.java:47)
	at repast.simphony.dataLoader.engine.MIContextXMLBuilder.<init>(MIContextXMLBuilder.java:28)
	at repast.simphony.dataLoader.engine.MIContextXMLDataLoaderAction.<init>(MIContextXMLDataLoaderAction.java:53)
	at repast.simphony.dataLoader.engine.MIContextXMLDataLoaderControllerActionIO$ScoreActionLoader.loadAction(MIContextXMLDataLoaderControllerActionIO.java:38)
	at repast.simphony.scenario.ScenarioFileLoader.createActions(ScenarioFileLoader.java:90)
	at repast.simphony.scenario.ScenarioFileLoader.load(ScenarioFileLoader.java:66)
	at repast.simphony.scenario.ScenarioLoader.load(ScenarioLoader.java:193)
	at repast.simphony.ui.RSApplication.open(RSApplication.java:359)
	at repast.simphony.ui.RSAppConfigurator.postWindowOpen(RSAppConfigurator.java:39)
	at saf.core.ui.GUICreatorDelegate.runDisplay(GUICreatorDelegate.java:188)
	at saf.core.ui.GUICreator$1.run(GUICreator.java:18)
	at simphony.util.ThreadUtilities$Runner.run(ThreadUtilities.java:33)
	at simphony.util.ThreadUtilities.runInEventThread(ThreadUtilities.java:47)
	at saf.core.ui.GUICreator.runDisplay(GUICreator.java:16)
	at repast.simphony.ui.RSUIPlugin$1.run(RSUIPlugin.java:104)
	at java.awt.event.InvocationEvent.dispatch(Unknown Source)
	at java.awt.EventQueue.dispatchEventImpl(Unknown Source)
	at java.awt.EventQueue.access$500(Unknown Source)
	at java.awt.EventQueue$3.run(Unknown Source)
	at java.awt.EventQueue$3.run(Unknown Source)
	at java.security.AccessController.doPrivileged(Native Method)
	at java.security.ProtectionDomain$JavaSecurityAccessImpl.doIntersectionPrivilege(Unknown Source)
	at java.awt.EventQueue.dispatchEvent(Unknown Source)
	at java.awt.EventDispatchThread.pumpOneEventForFilters(Unknown Source)
	at java.awt.EventDispatchThread.pumpEventsForFilter(Unknown Source)
	at java.awt.EventDispatchThread.pumpEventsForHierarchy(Unknown Source)
	at java.awt.EventDispatchThread.pumpEvents(Unknown Source)
	at java.awt.EventDispatchThread.pumpEvents(Unknown Source)
	at java.awt.EventDispatchThread.run(Unknown Source)
ERROR [AWT-EventQueue-0] 2017-11-05 21:54:50,238 repast.simphony.dataLoader.engine.GridProjectionBuilder - Unable to build Grid 'grid': too few dimensions specified
java.lang.IllegalArgumentException: Too few dimensions specified
	at repast.simphony.dataLoader.engine.GridProjectionBuilder$GridBuilder.init(GridProjectionBuilder.java:70)
	at repast.simphony.dataLoader.engine.GridProjectionBuilder$GridBuilder.<init>(GridProjectionBuilder.java:50)
	at repast.simphony.dataLoader.engine.GridProjectionBuilder.getBuilder(GridProjectionBuilder.java:117)
	at repast.simphony.dataLoader.engine.ContextBuilderFactory.createBuilder(ContextBuilderFactory.java:85)
	at repast.simphony.dataLoader.engine.ContextXMLBuilder.<init>(ContextXMLBuilder.java:47)
	at repast.simphony.dataLoader.engine.MIContextXMLBuilder.<init>(MIContextXMLBuilder.java:28)
	at repast.simphony.dataLoader.engine.MIContextXMLDataLoaderAction.<init>(MIContextXMLDataLoaderAction.java:53)
	at repast.simphony.dataLoader.engine.MIContextXMLDataLoaderControllerActionIO$ScoreActionLoader.loadAction(MIContextXMLDataLoaderControllerActionIO.java:38)
	at repast.simphony.scenario.ScenarioFileLoader.createActions(ScenarioFileLoader.java:90)
	at repast.simphony.scenario.ScenarioFileLoader.load(ScenarioFileLoader.java:66)
	at repast.simphony.scenario.ScenarioLoader.load(ScenarioLoader.java:193)
	at repast.simphony.ui.RSApplication.open(RSApplication.java:359)
	at repast.simphony.ui.RSAppConfigurator.postWindowOpen(RSAppConfigurator.java:39)
	at saf.core.ui.GUICreatorDelegate.runDisplay(GUICreatorDelegate.java:188)
	at saf.core.ui.GUICreator$1.run(GUICreator.java:18)
	at simphony.util.ThreadUtilities$Runner.run(ThreadUtilities.java:33)
	at simphony.util.ThreadUtilities.runInEventThread(ThreadUtilities.java:47)
	at saf.core.ui.GUICreator.runDisplay(GUICreator.java:16)
	at repast.simphony.ui.RSUIPlugin$1.run(RSUIPlugin.java:104)
	at java.awt.event.InvocationEvent.dispatch(Unknown Source)
	at java.awt.EventQueue.dispatchEventImpl(Unknown Source)
	at java.awt.EventQueue.access$500(Unknown Source)
	at java.awt.EventQueue$3.run(Unknown Source)
	at java.awt.EventQueue$3.run(Unknown Source)
	at java.security.AccessController.doPrivileged(Native Method)
	at java.security.ProtectionDomain$JavaSecurityAccessImpl.doIntersectionPrivilege(Unknown Source)
	at java.awt.EventQueue.dispatchEvent(Unknown Source)
	at java.awt.EventDispatchThread.pumpOneEventForFilters(Unknown Source)
	at java.awt.EventDispatchThread.pumpEventsForFilter(Unknown Source)
	at java.awt.EventDispatchThread.pumpEventsForHierarchy(Unknown Source)
	at java.awt.EventDispatchThread.pumpEvents(Unknown Source)
	at java.awt.EventDispatchThread.pumpEvents(Unknown Source)
	at java.awt.EventDispatchThread.run(Unknown Source)
ERROR [AWT-EventQueue-0] 2017-11-05 21:54:50,257 repast.simphony.dataLoader.engine.GridProjectionBuilder - Unable to build Grid 'grid': invalid border rule
java.lang.IllegalArgumentException: Invalid border rule
	at repast.simphony.dataLoader.engine.GridProjectionBuilder$GridBuilder.init(GridProjectionBuilder.java:75)
	at repast.simphony.dataLoader.engine.GridProjectionBuilder$GridBuilder.<init>(GridProjectionBuilder.java:50)
	at repast.simphony.dataLoader.engine.GridProjectionBuilder.getBuilder(GridProjectionBuilder.java:117)
	at repast.simphony.dataLoader.engine.ContextBuilderFactory.createBuilder(ContextBuilderFactory.java:85)
	at repast.simphony.dataLoader.engine.ContextXMLBuilder.<init>(ContextXMLBuilder.java:47)
	at repast.simphony.dataLoader.engine.MIContextXMLBuilder.<init>(MIContextXMLBuilder.java:28)
	at repast.simphony.dataLoader.engine.MIContextXMLDataLoaderAction.<init>(MIContextXMLDataLoaderAction.java:53)
	at repast.simphony.dataLoader.engine.MIContextXMLDataLoaderControllerActionIO$ScoreActionLoader.loadAction(MIContextXMLDataLoaderControllerActionIO.java:38)
	at repast.simphony.scenario.ScenarioFileLoader.createActions(ScenarioFileLoader.java:90)
	at repast.simphony.scenario.ScenarioFileLoader.load(ScenarioFileLoader.java:66)
	at repast.simphony.scenario.ScenarioLoader.load(ScenarioLoader.java:193)
	at repast.simphony.ui.RSApplication.open(RSApplication.java:359)
	at repast.simphony.ui.RSAppConfigurator.postWindowOpen(RSAppConfigurator.java:39)
	at saf.core.ui.GUICreatorDelegate.runDisplay(GUICreatorDelegate.java:188)
	at saf.core.ui.GUICreator$1.run(GUICreator.java:18)
	at simphony.util.ThreadUtilities$Runner.run(ThreadUtilities.java:33)
	at simphony.util.ThreadUtilities.runInEventThread(ThreadUtilities.java:47)
	at saf.core.ui.GUICreator.runDisplay(GUICreator.java:16)
	at repast.simphony.ui.RSUIPlugin$1.run(RSUIPlugin.java:104)
	at java.awt.event.InvocationEvent.dispatch(Unknown Source)
	at java.awt.EventQueue.dispatchEventImpl(Unknown Source)
	at java.awt.EventQueue.access$500(Unknown Source)
	at java.awt.EventQueue$3.run(Unknown Source)
	at java.awt.EventQueue$3.run(Unknown Source)
	at java.security.AccessController.doPrivileged(Native Method)
	at java.security.ProtectionDomain$JavaSecurityAccessImpl.doIntersectionPrivilege(Unknown Source)
	at java.awt.EventQueue.dispatchEvent(Unknown Source)
	at java.awt.EventDispatchThread.pumpOneEventForFilters(Unknown Source)
	at java.awt.EventDispatchThread.pumpEventsForFilter(Unknown Source)
	at java.awt.EventDispatchThread.pumpEventsForHierarchy(Unknown Source)
	at java.awt.EventDispatchThread.pumpEvents(Unknown Source)
	at java.awt.EventDispatchThread.pumpEvents(Unknown Source)
	at java.awt.EventDispatchThread.run(Unknown Source)
ERROR [AWT-EventQueue-0] 2017-11-05 21:55:19,107 repast.simphony.ui.RSApplication - Error while initializing simulation
java.lang.NullPointerException
	at repast.simphony.dataLoader.engine.SpaceProjectionBuilder$CSBuilder.translatorFor(SpaceProjectionBuilder.java:87)
	at repast.simphony.dataLoader.engine.SpaceProjectionBuilder$CSBuilder.build(SpaceProjectionBuilder.java:82)
	at repast.simphony.dataLoader.engine.ContextXMLBuilder.build(ContextXMLBuilder.java:74)
	at repast.simphony.dataLoader.engine.MIContextXMLBuilder.build(MIContextXMLBuilder.java:42)
	at repast.simphony.dataLoader.engine.DataLoaderControllerAction.runInitialize(DataLoaderControllerAction.java:48)
	at repast.simphony.engine.controller.DefaultController$2.visit(DefaultController.java:214)
	at repast.simphony.engine.controller.DefaultController$2.visit(DefaultController.java:1)
	at repast.simphony.util.collections.NaryTree.preOrderTraverals(NaryTree.java:292)
	at repast.simphony.util.collections.NaryTree.preOrderTraverals(NaryTree.java:295)
	at repast.simphony.util.collections.NaryTree.preOrderTraverals(NaryTree.java:295)
	at repast.simphony.util.collections.NaryTree.preOrderTraversal(NaryTree.java:288)
	at repast.simphony.engine.controller.DefaultController.runInitialize(DefaultController.java:212)
	at repast.simphony.engine.controller.DefaultController.runInitialize(DefaultController.java:383)
	at repast.simphony.ui.RSApplication.initSim(RSApplication.java:157)
	at repast.simphony.ui.RSApplication.start(RSApplication.java:189)
	at repast.simphony.ui.action.StartRun.actionPerformed(StartRun.java:17)
	at javax.swing.AbstractButton.fireActionPerformed(Unknown Source)
	at javax.swing.AbstractButton$Handler.actionPerformed(Unknown Source)
	at javax.swing.DefaultButtonModel.fireActionPerformed(Unknown Source)
	at javax.swing.DefaultButtonModel.setPressed(Unknown Source)
	at javax.swing.plaf.basic.BasicButtonListener.mouseReleased(Unknown Source)
	at java.awt.AWTEventMulticaster.mouseReleased(Unknown Source)
	at java.awt.Component.processMouseEvent(Unknown Source)
	at javax.swing.JComponent.processMouseEvent(Unknown Source)
	at java.awt.Component.processEvent(Unknown Source)
	at java.awt.Container.processEvent(Unknown Source)
	at java.awt.Component.dispatchEventImpl(Unknown Source)
	at java.awt.Container.dispatchEventImpl(Unknown Source)
	at java.awt.Component.dispatchEvent(Unknown Source)
	at java.awt.LightweightDispatcher.retargetMouseEvent(Unknown Source)
	at java.awt.LightweightDispatcher.processMouseEvent(Unknown Source)
	at java.awt.LightweightDispatcher.dispatchEvent(Unknown Source)
	at java.awt.Container.dispatchEventImpl(Unknown Source)
	at java.awt.Window.dispatchEventImpl(Unknown Source)
	at java.awt.Component.dispatchEvent(Unknown Source)
	at java.awt.EventQueue.dispatchEventImpl(Unknown Source)
	at java.awt.EventQueue.access$500(Unknown Source)
	at java.awt.EventQueue$3.run(Unknown Source)
	at java.awt.EventQueue$3.run(Unknown Source)
	at java.security.AccessController.doPrivileged(Native Method)
	at java.security.ProtectionDomain$JavaSecurityAccessImpl.doIntersectionPrivilege(Unknown Source)
	at java.security.ProtectionDomain$JavaSecurityAccessImpl.doIntersectionPrivilege(Unknown Source)
	at java.awt.EventQueue$4.run(Unknown Source)
	at java.awt.EventQueue$4.run(Unknown Source)
	at java.security.AccessController.doPrivileged(Native Method)
	at java.security.ProtectionDomain$JavaSecurityAccessImpl.doIntersectionPrivilege(Unknown Source)
	at java.awt.EventQueue.dispatchEvent(Unknown Source)
	at java.awt.EventDispatchThread.pumpOneEventForFilters(Unknown Source)
	at java.awt.EventDispatchThread.pumpEventsForFilter(Unknown Source)
	at java.awt.EventDispatchThread.pumpEventsForHierarchy(Unknown Source)
	at java.awt.EventDispatchThread.pumpEvents(Unknown Source)
	at java.awt.EventDispatchThread.pumpEvents(Unknown Source)
	at java.awt.EventDispatchThread.run(Unknown Source)
ERROR [AWT-EventQueue-0] 2017-11-05 21:58:50,335 repast.simphony.dataLoader.engine.SpaceProjectionBuilder - Unable to build continuous space 'space': too few dimensions specified
java.lang.IllegalArgumentException: Too few dimensions specified
	at repast.simphony.dataLoader.engine.SpaceProjectionBuilder$CSBuilder.init(SpaceProjectionBuilder.java:64)
	at repast.simphony.dataLoader.engine.SpaceProjectionBuilder$CSBuilder.<init>(SpaceProjectionBuilder.java:48)
	at repast.simphony.dataLoader.engine.SpaceProjectionBuilder.getBuilder(SpaceProjectionBuilder.java:109)
	at repast.simphony.dataLoader.engine.ContextBuilderFactory.createBuilder(ContextBuilderFactory.java:85)
	at repast.simphony.dataLoader.engine.ContextXMLBuilder.<init>(ContextXMLBuilder.java:47)
	at repast.simphony.dataLoader.engine.MIContextXMLBuilder.<init>(MIContextXMLBuilder.java:28)
	at repast.simphony.dataLoader.engine.MIContextXMLDataLoaderAction.<init>(MIContextXMLDataLoaderAction.java:53)
	at repast.simphony.dataLoader.engine.MIContextXMLDataLoaderControllerActionIO$ScoreActionLoader.loadAction(MIContextXMLDataLoaderControllerActionIO.java:38)
	at repast.simphony.scenario.ScenarioFileLoader.createActions(ScenarioFileLoader.java:90)
	at repast.simphony.scenario.ScenarioFileLoader.load(ScenarioFileLoader.java:66)
	at repast.simphony.scenario.ScenarioLoader.load(ScenarioLoader.java:193)
	at repast.simphony.ui.RSApplication.open(RSApplication.java:359)
	at repast.simphony.ui.RSAppConfigurator.postWindowOpen(RSAppConfigurator.java:39)
	at saf.core.ui.GUICreatorDelegate.runDisplay(GUICreatorDelegate.java:188)
	at saf.core.ui.GUICreator$1.run(GUICreator.java:18)
	at simphony.util.ThreadUtilities$Runner.run(ThreadUtilities.java:33)
	at simphony.util.ThreadUtilities.runInEventThread(ThreadUtilities.java:47)
	at saf.core.ui.GUICreator.runDisplay(GUICreator.java:16)
	at repast.simphony.ui.RSUIPlugin$1.run(RSUIPlugin.java:104)
	at java.awt.event.InvocationEvent.dispatch(Unknown Source)
	at java.awt.EventQueue.dispatchEventImpl(Unknown Source)
	at java.awt.EventQueue.access$500(Unknown Source)
	at java.awt.EventQueue$3.run(Unknown Source)
	at java.awt.EventQueue$3.run(Unknown Source)
	at java.security.AccessController.doPrivileged(Native Method)
	at java.security.ProtectionDomain$JavaSecurityAccessImpl.doIntersectionPrivilege(Unknown Source)
	at java.awt.EventQueue.dispatchEvent(Unknown Source)
	at java.awt.EventDispatchThread.pumpOneEventForFilters(Unknown Source)
	at java.awt.EventDispatchThread.pumpEventsForFilter(Unknown Source)
	at java.awt.EventDispatchThread.pumpEventsForHierarchy(Unknown Source)
	at java.awt.EventDispatchThread.pumpEvents(Unknown Source)
	at java.awt.EventDispatchThread.pumpEvents(Unknown Source)
	at java.awt.EventDispatchThread.run(Unknown Source)
ERROR [AWT-EventQueue-0] 2017-11-05 21:58:50,351 repast.simphony.dataLoader.engine.SpaceProjectionBuilder - Unable to build continuous space 'space': invalid border rule
java.lang.IllegalArgumentException: Invalid border rule
	at repast.simphony.dataLoader.engine.SpaceProjectionBuilder$CSBuilder.init(SpaceProjectionBuilder.java:69)
	at repast.simphony.dataLoader.engine.SpaceProjectionBuilder$CSBuilder.<init>(SpaceProjectionBuilder.java:48)
	at repast.simphony.dataLoader.engine.SpaceProjectionBuilder.getBuilder(SpaceProjectionBuilder.java:109)
	at repast.simphony.dataLoader.engine.ContextBuilderFactory.createBuilder(ContextBuilderFactory.java:85)
	at repast.simphony.dataLoader.engine.ContextXMLBuilder.<init>(ContextXMLBuilder.java:47)
	at repast.simphony.dataLoader.engine.MIContextXMLBuilder.<init>(MIContextXMLBuilder.java:28)
	at repast.simphony.dataLoader.engine.MIContextXMLDataLoaderAction.<init>(MIContextXMLDataLoaderAction.java:53)
	at repast.simphony.dataLoader.engine.MIContextXMLDataLoaderControllerActionIO$ScoreActionLoader.loadAction(MIContextXMLDataLoaderControllerActionIO.java:38)
	at repast.simphony.scenario.ScenarioFileLoader.createActions(ScenarioFileLoader.java:90)
	at repast.simphony.scenario.ScenarioFileLoader.load(ScenarioFileLoader.java:66)
	at repast.simphony.scenario.ScenarioLoader.load(ScenarioLoader.java:193)
	at repast.simphony.ui.RSApplication.open(RSApplication.java:359)
	at repast.simphony.ui.RSAppConfigurator.postWindowOpen(RSAppConfigurator.java:39)
	at saf.core.ui.GUICreatorDelegate.runDisplay(GUICreatorDelegate.java:188)
	at saf.core.ui.GUICreator$1.run(GUICreator.java:18)
	at simphony.util.ThreadUtilities$Runner.run(ThreadUtilities.java:33)
	at simphony.util.ThreadUtilities.runInEventThread(ThreadUtilities.java:47)
	at saf.core.ui.GUICreator.runDisplay(GUICreator.java:16)
	at repast.simphony.ui.RSUIPlugin$1.run(RSUIPlugin.java:104)
	at java.awt.event.InvocationEvent.dispatch(Unknown Source)
	at java.awt.EventQueue.dispatchEventImpl(Unknown Source)
	at java.awt.EventQueue.access$500(Unknown Source)
	at java.awt.EventQueue$3.run(Unknown Source)
	at java.awt.EventQueue$3.run(Unknown Source)
	at java.security.AccessController.doPrivileged(Native Method)
	at java.security.ProtectionDomain$JavaSecurityAccessImpl.doIntersectionPrivilege(Unknown Source)
	at java.awt.EventQueue.dispatchEvent(Unknown Source)
	at java.awt.EventDispatchThread.pumpOneEventForFilters(Unknown Source)
	at java.awt.EventDispatchThread.pumpEventsForFilter(Unknown Source)
	at java.awt.EventDispatchThread.pumpEventsForHierarchy(Unknown Source)
	at java.awt.EventDispatchThread.pumpEvents(Unknown Source)
	at java.awt.EventDispatchThread.pumpEvents(Unknown Source)
	at java.awt.EventDispatchThread.run(Unknown Source)
ERROR [AWT-EventQueue-0] 2017-11-05 21:58:50,351 repast.simphony.dataLoader.engine.GridProjectionBuilder - Unable to build Grid 'grid': too few dimensions specified
java.lang.IllegalArgumentException: Too few dimensions specified
	at repast.simphony.dataLoader.engine.GridProjectionBuilder$GridBuilder.init(GridProjectionBuilder.java:70)
	at repast.simphony.dataLoader.engine.GridProjectionBuilder$GridBuilder.<init>(GridProjectionBuilder.java:50)
	at repast.simphony.dataLoader.engine.GridProjectionBuilder.getBuilder(GridProjectionBuilder.java:117)
	at repast.simphony.dataLoader.engine.ContextBuilderFactory.createBuilder(ContextBuilderFactory.java:85)
	at repast.simphony.dataLoader.engine.ContextXMLBuilder.<init>(ContextXMLBuilder.java:47)
	at repast.simphony.dataLoader.engine.MIContextXMLBuilder.<init>(MIContextXMLBuilder.java:28)
	at repast.simphony.dataLoader.engine.MIContextXMLDataLoaderAction.<init>(MIContextXMLDataLoaderAction.java:53)
	at repast.simphony.dataLoader.engine.MIContextXMLDataLoaderControllerActionIO$ScoreActionLoader.loadAction(MIContextXMLDataLoaderControllerActionIO.java:38)
	at repast.simphony.scenario.ScenarioFileLoader.createActions(ScenarioFileLoader.java:90)
	at repast.simphony.scenario.ScenarioFileLoader.load(ScenarioFileLoader.java:66)
	at repast.simphony.scenario.ScenarioLoader.load(ScenarioLoader.java:193)
	at repast.simphony.ui.RSApplication.open(RSApplication.java:359)
	at repast.simphony.ui.RSAppConfigurator.postWindowOpen(RSAppConfigurator.java:39)
	at saf.core.ui.GUICreatorDelegate.runDisplay(GUICreatorDelegate.java:188)
	at saf.core.ui.GUICreator$1.run(GUICreator.java:18)
	at simphony.util.ThreadUtilities$Runner.run(ThreadUtilities.java:33)
	at simphony.util.ThreadUtilities.runInEventThread(ThreadUtilities.java:47)
	at saf.core.ui.GUICreator.runDisplay(GUICreator.java:16)
	at repast.simphony.ui.RSUIPlugin$1.run(RSUIPlugin.java:104)
	at java.awt.event.InvocationEvent.dispatch(Unknown Source)
	at java.awt.EventQueue.dispatchEventImpl(Unknown Source)
	at java.awt.EventQueue.access$500(Unknown Source)
	at java.awt.EventQueue$3.run(Unknown Source)
	at java.awt.EventQueue$3.run(Unknown Source)
	at java.security.AccessController.doPrivileged(Native Method)
	at java.security.ProtectionDomain$JavaSecurityAccessImpl.doIntersectionPrivilege(Unknown Source)
	at java.awt.EventQueue.dispatchEvent(Unknown Source)
	at java.awt.EventDispatchThread.pumpOneEventForFilters(Unknown Source)
	at java.awt.EventDispatchThread.pumpEventsForFilter(Unknown Source)
	at java.awt.EventDispatchThread.pumpEventsForHierarchy(Unknown Source)
	at java.awt.EventDispatchThread.pumpEvents(Unknown Source)
	at java.awt.EventDispatchThread.pumpEvents(Unknown Source)
	at java.awt.EventDispatchThread.run(Unknown Source)
ERROR [AWT-EventQueue-0] 2017-11-05 21:58:50,351 repast.simphony.dataLoader.engine.GridProjectionBuilder - Unable to build Grid 'grid': invalid border rule
java.lang.IllegalArgumentException: Invalid border rule
	at repast.simphony.dataLoader.engine.GridProjectionBuilder$GridBuilder.init(GridProjectionBuilder.java:75)
	at repast.simphony.dataLoader.engine.GridProjectionBuilder$GridBuilder.<init>(GridProjectionBuilder.java:50)
	at repast.simphony.dataLoader.engine.GridProjectionBuilder.getBuilder(GridProjectionBuilder.java:117)
	at repast.simphony.dataLoader.engine.ContextBuilderFactory.createBuilder(ContextBuilderFactory.java:85)
	at repast.simphony.dataLoader.engine.ContextXMLBuilder.<init>(ContextXMLBuilder.java:47)
	at repast.simphony.dataLoader.engine.MIContextXMLBuilder.<init>(MIContextXMLBuilder.java:28)
	at repast.simphony.dataLoader.engine.MIContextXMLDataLoaderAction.<init>(MIContextXMLDataLoaderAction.java:53)
	at repast.simphony.dataLoader.engine.MIContextXMLDataLoaderControllerActionIO$ScoreActionLoader.loadAction(MIContextXMLDataLoaderControllerActionIO.java:38)
	at repast.simphony.scenario.ScenarioFileLoader.createActions(ScenarioFileLoader.java:90)
	at repast.simphony.scenario.ScenarioFileLoader.load(ScenarioFileLoader.java:66)
	at repast.simphony.scenario.ScenarioLoader.load(ScenarioLoader.java:193)
	at repast.simphony.ui.RSApplication.open(RSApplication.java:359)
	at repast.simphony.ui.RSAppConfigurator.postWindowOpen(RSAppConfigurator.java:39)
	at saf.core.ui.GUICreatorDelegate.runDisplay(GUICreatorDelegate.java:188)
	at saf.core.ui.GUICreator$1.run(GUICreator.java:18)
	at simphony.util.ThreadUtilities$Runner.run(ThreadUtilities.java:33)
	at simphony.util.ThreadUtilities.runInEventThread(ThreadUtilities.java:47)
	at saf.core.ui.GUICreator.runDisplay(GUICreator.java:16)
	at repast.simphony.ui.RSUIPlugin$1.run(RSUIPlugin.java:104)
	at java.awt.event.InvocationEvent.dispatch(Unknown Source)
	at java.awt.EventQueue.dispatchEventImpl(Unknown Source)
	at java.awt.EventQueue.access$500(Unknown Source)
	at java.awt.EventQueue$3.run(Unknown Source)
	at java.awt.EventQueue$3.run(Unknown Source)
	at java.security.AccessController.doPrivileged(Native Method)
	at java.security.ProtectionDomain$JavaSecurityAccessImpl.doIntersectionPrivilege(Unknown Source)
	at java.awt.EventQueue.dispatchEvent(Unknown Source)
	at java.awt.EventDispatchThread.pumpOneEventForFilters(Unknown Source)
	at java.awt.EventDispatchThread.pumpEventsForFilter(Unknown Source)
	at java.awt.EventDispatchThread.pumpEventsForHierarchy(Unknown Source)
	at java.awt.EventDispatchThread.pumpEvents(Unknown Source)
	at java.awt.EventDispatchThread.pumpEvents(Unknown Source)
	at java.awt.EventDispatchThread.run(Unknown Source)
ERROR [AWT-EventQueue-0] 2017-11-05 22:03:16,958 repast.simphony.dataLoader.engine.SpaceProjectionBuilder - Unable to build continuous space 'space': too few dimensions specified
java.lang.IllegalArgumentException: Too few dimensions specified
	at repast.simphony.dataLoader.engine.SpaceProjectionBuilder$CSBuilder.init(SpaceProjectionBuilder.java:64)
	at repast.simphony.dataLoader.engine.SpaceProjectionBuilder$CSBuilder.<init>(SpaceProjectionBuilder.java:48)
	at repast.simphony.dataLoader.engine.SpaceProjectionBuilder.getBuilder(SpaceProjectionBuilder.java:109)
	at repast.simphony.dataLoader.engine.ContextBuilderFactory.createBuilder(ContextBuilderFactory.java:85)
	at repast.simphony.dataLoader.engine.ContextXMLBuilder.<init>(ContextXMLBuilder.java:47)
	at repast.simphony.dataLoader.engine.MIContextXMLBuilder.<init>(MIContextXMLBuilder.java:28)
	at repast.simphony.dataLoader.engine.MIContextXMLDataLoaderAction.<init>(MIContextXMLDataLoaderAction.java:53)
	at repast.simphony.dataLoader.engine.MIContextXMLDataLoaderControllerActionIO$ScoreActionLoader.loadAction(MIContextXMLDataLoaderControllerActionIO.java:38)
	at repast.simphony.scenario.ScenarioFileLoader.createActions(ScenarioFileLoader.java:90)
	at repast.simphony.scenario.ScenarioFileLoader.load(ScenarioFileLoader.java:66)
	at repast.simphony.scenario.ScenarioLoader.load(ScenarioLoader.java:193)
	at repast.simphony.ui.RSApplication.open(RSApplication.java:359)
	at repast.simphony.ui.RSAppConfigurator.postWindowOpen(RSAppConfigurator.java:39)
	at saf.core.ui.GUICreatorDelegate.runDisplay(GUICreatorDelegate.java:188)
	at saf.core.ui.GUICreator$1.run(GUICreator.java:18)
	at simphony.util.ThreadUtilities$Runner.run(ThreadUtilities.java:33)
	at simphony.util.ThreadUtilities.runInEventThread(ThreadUtilities.java:47)
	at saf.core.ui.GUICreator.runDisplay(GUICreator.java:16)
	at repast.simphony.ui.RSUIPlugin$1.run(RSUIPlugin.java:104)
	at java.awt.event.InvocationEvent.dispatch(Unknown Source)
	at java.awt.EventQueue.dispatchEventImpl(Unknown Source)
	at java.awt.EventQueue.access$500(Unknown Source)
	at java.awt.EventQueue$3.run(Unknown Source)
	at java.awt.EventQueue$3.run(Unknown Source)
	at java.security.AccessController.doPrivileged(Native Method)
	at java.security.ProtectionDomain$JavaSecurityAccessImpl.doIntersectionPrivilege(Unknown Source)
	at java.awt.EventQueue.dispatchEvent(Unknown Source)
	at java.awt.EventDispatchThread.pumpOneEventForFilters(Unknown Source)
	at java.awt.EventDispatchThread.pumpEventsForFilter(Unknown Source)
	at java.awt.EventDispatchThread.pumpEventsForHierarchy(Unknown Source)
	at java.awt.EventDispatchThread.pumpEvents(Unknown Source)
	at java.awt.EventDispatchThread.pumpEvents(Unknown Source)
	at java.awt.EventDispatchThread.run(Unknown Source)
ERROR [AWT-EventQueue-0] 2017-11-05 22:03:16,958 repast.simphony.dataLoader.engine.SpaceProjectionBuilder - Unable to build continuous space 'space': invalid border rule
java.lang.IllegalArgumentException: Invalid border rule
	at repast.simphony.dataLoader.engine.SpaceProjectionBuilder$CSBuilder.init(SpaceProjectionBuilder.java:69)
	at repast.simphony.dataLoader.engine.SpaceProjectionBuilder$CSBuilder.<init>(SpaceProjectionBuilder.java:48)
	at repast.simphony.dataLoader.engine.SpaceProjectionBuilder.getBuilder(SpaceProjectionBuilder.java:109)
	at repast.simphony.dataLoader.engine.ContextBuilderFactory.createBuilder(ContextBuilderFactory.java:85)
	at repast.simphony.dataLoader.engine.ContextXMLBuilder.<init>(ContextXMLBuilder.java:47)
	at repast.simphony.dataLoader.engine.MIContextXMLBuilder.<init>(MIContextXMLBuilder.java:28)
	at repast.simphony.dataLoader.engine.MIContextXMLDataLoaderAction.<init>(MIContextXMLDataLoaderAction.java:53)
	at repast.simphony.dataLoader.engine.MIContextXMLDataLoaderControllerActionIO$ScoreActionLoader.loadAction(MIContextXMLDataLoaderControllerActionIO.java:38)
	at repast.simphony.scenario.ScenarioFileLoader.createActions(ScenarioFileLoader.java:90)
	at repast.simphony.scenario.ScenarioFileLoader.load(ScenarioFileLoader.java:66)
	at repast.simphony.scenario.ScenarioLoader.load(ScenarioLoader.java:193)
	at repast.simphony.ui.RSApplication.open(RSApplication.java:359)
	at repast.simphony.ui.RSAppConfigurator.postWindowOpen(RSAppConfigurator.java:39)
	at saf.core.ui.GUICreatorDelegate.runDisplay(GUICreatorDelegate.java:188)
	at saf.core.ui.GUICreator$1.run(GUICreator.java:18)
	at simphony.util.ThreadUtilities$Runner.run(ThreadUtilities.java:33)
	at simphony.util.ThreadUtilities.runInEventThread(ThreadUtilities.java:47)
	at saf.core.ui.GUICreator.runDisplay(GUICreator.java:16)
	at repast.simphony.ui.RSUIPlugin$1.run(RSUIPlugin.java:104)
	at java.awt.event.InvocationEvent.dispatch(Unknown Source)
	at java.awt.EventQueue.dispatchEventImpl(Unknown Source)
	at java.awt.EventQueue.access$500(Unknown Source)
	at java.awt.EventQueue$3.run(Unknown Source)
	at java.awt.EventQueue$3.run(Unknown Source)
	at java.security.AccessController.doPrivileged(Native Method)
	at java.security.ProtectionDomain$JavaSecurityAccessImpl.doIntersectionPrivilege(Unknown Source)
	at java.awt.EventQueue.dispatchEvent(Unknown Source)
	at java.awt.EventDispatchThread.pumpOneEventForFilters(Unknown Source)
	at java.awt.EventDispatchThread.pumpEventsForFilter(Unknown Source)
	at java.awt.EventDispatchThread.pumpEventsForHierarchy(Unknown Source)
	at java.awt.EventDispatchThread.pumpEvents(Unknown Source)
	at java.awt.EventDispatchThread.pumpEvents(Unknown Source)
	at java.awt.EventDispatchThread.run(Unknown Source)
ERROR [AWT-EventQueue-0] 2017-11-05 22:03:16,958 repast.simphony.dataLoader.engine.GridProjectionBuilder - Unable to build Grid 'grid': too few dimensions specified
java.lang.IllegalArgumentException: Too few dimensions specified
	at repast.simphony.dataLoader.engine.GridProjectionBuilder$GridBuilder.init(GridProjectionBuilder.java:70)
	at repast.simphony.dataLoader.engine.GridProjectionBuilder$GridBuilder.<init>(GridProjectionBuilder.java:50)
	at repast.simphony.dataLoader.engine.GridProjectionBuilder.getBuilder(GridProjectionBuilder.java:117)
	at repast.simphony.dataLoader.engine.ContextBuilderFactory.createBuilder(ContextBuilderFactory.java:85)
	at repast.simphony.dataLoader.engine.ContextXMLBuilder.<init>(ContextXMLBuilder.java:47)
	at repast.simphony.dataLoader.engine.MIContextXMLBuilder.<init>(MIContextXMLBuilder.java:28)
	at repast.simphony.dataLoader.engine.MIContextXMLDataLoaderAction.<init>(MIContextXMLDataLoaderAction.java:53)
	at repast.simphony.dataLoader.engine.MIContextXMLDataLoaderControllerActionIO$ScoreActionLoader.loadAction(MIContextXMLDataLoaderControllerActionIO.java:38)
	at repast.simphony.scenario.ScenarioFileLoader.createActions(ScenarioFileLoader.java:90)
	at repast.simphony.scenario.ScenarioFileLoader.load(ScenarioFileLoader.java:66)
	at repast.simphony.scenario.ScenarioLoader.load(ScenarioLoader.java:193)
	at repast.simphony.ui.RSApplication.open(RSApplication.java:359)
	at repast.simphony.ui.RSAppConfigurator.postWindowOpen(RSAppConfigurator.java:39)
	at saf.core.ui.GUICreatorDelegate.runDisplay(GUICreatorDelegate.java:188)
	at saf.core.ui.GUICreator$1.run(GUICreator.java:18)
	at simphony.util.ThreadUtilities$Runner.run(ThreadUtilities.java:33)
	at simphony.util.ThreadUtilities.runInEventThread(ThreadUtilities.java:47)
	at saf.core.ui.GUICreator.runDisplay(GUICreator.java:16)
	at repast.simphony.ui.RSUIPlugin$1.run(RSUIPlugin.java:104)
	at java.awt.event.InvocationEvent.dispatch(Unknown Source)
	at java.awt.EventQueue.dispatchEventImpl(Unknown Source)
	at java.awt.EventQueue.access$500(Unknown Source)
	at java.awt.EventQueue$3.run(Unknown Source)
	at java.awt.EventQueue$3.run(Unknown Source)
	at java.security.AccessController.doPrivileged(Native Method)
	at java.security.ProtectionDomain$JavaSecurityAccessImpl.doIntersectionPrivilege(Unknown Source)
	at java.awt.EventQueue.dispatchEvent(Unknown Source)
	at java.awt.EventDispatchThread.pumpOneEventForFilters(Unknown Source)
	at java.awt.EventDispatchThread.pumpEventsForFilter(Unknown Source)
	at java.awt.EventDispatchThread.pumpEventsForHierarchy(Unknown Source)
	at java.awt.EventDispatchThread.pumpEvents(Unknown Source)
	at java.awt.EventDispatchThread.pumpEvents(Unknown Source)
	at java.awt.EventDispatchThread.run(Unknown Source)
ERROR [AWT-EventQueue-0] 2017-11-05 22:03:16,958 repast.simphony.dataLoader.engine.GridProjectionBuilder - Unable to build Grid 'grid': invalid border rule
java.lang.IllegalArgumentException: Invalid border rule
	at repast.simphony.dataLoader.engine.GridProjectionBuilder$GridBuilder.init(GridProjectionBuilder.java:75)
	at repast.simphony.dataLoader.engine.GridProjectionBuilder$GridBuilder.<init>(GridProjectionBuilder.java:50)
	at repast.simphony.dataLoader.engine.GridProjectionBuilder.getBuilder(GridProjectionBuilder.java:117)
	at repast.simphony.dataLoader.engine.ContextBuilderFactory.createBuilder(ContextBuilderFactory.java:85)
	at repast.simphony.dataLoader.engine.ContextXMLBuilder.<init>(ContextXMLBuilder.java:47)
	at repast.simphony.dataLoader.engine.MIContextXMLBuilder.<init>(MIContextXMLBuilder.java:28)
	at repast.simphony.dataLoader.engine.MIContextXMLDataLoaderAction.<init>(MIContextXMLDataLoaderAction.java:53)
	at repast.simphony.dataLoader.engine.MIContextXMLDataLoaderControllerActionIO$ScoreActionLoader.loadAction(MIContextXMLDataLoaderControllerActionIO.java:38)
	at repast.simphony.scenario.ScenarioFileLoader.createActions(ScenarioFileLoader.java:90)
	at repast.simphony.scenario.ScenarioFileLoader.load(ScenarioFileLoader.java:66)
	at repast.simphony.scenario.ScenarioLoader.load(ScenarioLoader.java:193)
	at repast.simphony.ui.RSApplication.open(RSApplication.java:359)
	at repast.simphony.ui.RSAppConfigurator.postWindowOpen(RSAppConfigurator.java:39)
	at saf.core.ui.GUICreatorDelegate.runDisplay(GUICreatorDelegate.java:188)
	at saf.core.ui.GUICreator$1.run(GUICreator.java:18)
	at simphony.util.ThreadUtilities$Runner.run(ThreadUtilities.java:33)
	at simphony.util.ThreadUtilities.runInEventThread(ThreadUtilities.java:47)
	at saf.core.ui.GUICreator.runDisplay(GUICreator.java:16)
	at repast.simphony.ui.RSUIPlugin$1.run(RSUIPlugin.java:104)
	at java.awt.event.InvocationEvent.dispatch(Unknown Source)
	at java.awt.EventQueue.dispatchEventImpl(Unknown Source)
	at java.awt.EventQueue.access$500(Unknown Source)
	at java.awt.EventQueue$3.run(Unknown Source)
	at java.awt.EventQueue$3.run(Unknown Source)
	at java.security.AccessController.doPrivileged(Native Method)
	at java.security.ProtectionDomain$JavaSecurityAccessImpl.doIntersectionPrivilege(Unknown Source)
	at java.awt.EventQueue.dispatchEvent(Unknown Source)
	at java.awt.EventDispatchThread.pumpOneEventForFilters(Unknown Source)
	at java.awt.EventDispatchThread.pumpEventsForFilter(Unknown Source)
	at java.awt.EventDispatchThread.pumpEventsForHierarchy(Unknown Source)
	at java.awt.EventDispatchThread.pumpEvents(Unknown Source)
	at java.awt.EventDispatchThread.pumpEvents(Unknown Source)
	at java.awt.EventDispatchThread.run(Unknown Source)
ERROR [AWT-EventQueue-0] 2017-11-05 22:05:46,844 repast.simphony.dataLoader.engine.SpaceProjectionBuilder - Unable to build continuous space 'space': too few dimensions specified
java.lang.IllegalArgumentException: Too few dimensions specified
	at repast.simphony.dataLoader.engine.SpaceProjectionBuilder$CSBuilder.init(SpaceProjectionBuilder.java:64)
	at repast.simphony.dataLoader.engine.SpaceProjectionBuilder$CSBuilder.<init>(SpaceProjectionBuilder.java:48)
	at repast.simphony.dataLoader.engine.SpaceProjectionBuilder.getBuilder(SpaceProjectionBuilder.java:109)
	at repast.simphony.dataLoader.engine.ContextBuilderFactory.createBuilder(ContextBuilderFactory.java:85)
	at repast.simphony.dataLoader.engine.ContextXMLBuilder.<init>(ContextXMLBuilder.java:47)
	at repast.simphony.dataLoader.engine.MIContextXMLBuilder.<init>(MIContextXMLBuilder.java:28)
	at repast.simphony.dataLoader.engine.MIContextXMLDataLoaderAction.<init>(MIContextXMLDataLoaderAction.java:53)
	at repast.simphony.dataLoader.engine.MIContextXMLDataLoaderControllerActionIO$ScoreActionLoader.loadAction(MIContextXMLDataLoaderControllerActionIO.java:38)
	at repast.simphony.scenario.ScenarioFileLoader.createActions(ScenarioFileLoader.java:90)
	at repast.simphony.scenario.ScenarioFileLoader.load(ScenarioFileLoader.java:66)
	at repast.simphony.scenario.ScenarioLoader.load(ScenarioLoader.java:193)
	at repast.simphony.ui.RSApplication.open(RSApplication.java:359)
	at repast.simphony.ui.RSAppConfigurator.postWindowOpen(RSAppConfigurator.java:39)
	at saf.core.ui.GUICreatorDelegate.runDisplay(GUICreatorDelegate.java:188)
	at saf.core.ui.GUICreator$1.run(GUICreator.java:18)
	at simphony.util.ThreadUtilities$Runner.run(ThreadUtilities.java:33)
	at simphony.util.ThreadUtilities.runInEventThread(ThreadUtilities.java:47)
	at saf.core.ui.GUICreator.runDisplay(GUICreator.java:16)
	at repast.simphony.ui.RSUIPlugin$1.run(RSUIPlugin.java:104)
	at java.awt.event.InvocationEvent.dispatch(Unknown Source)
	at java.awt.EventQueue.dispatchEventImpl(Unknown Source)
	at java.awt.EventQueue.access$500(Unknown Source)
	at java.awt.EventQueue$3.run(Unknown Source)
	at java.awt.EventQueue$3.run(Unknown Source)
	at java.security.AccessController.doPrivileged(Native Method)
	at java.security.ProtectionDomain$JavaSecurityAccessImpl.doIntersectionPrivilege(Unknown Source)
	at java.awt.EventQueue.dispatchEvent(Unknown Source)
	at java.awt.EventDispatchThread.pumpOneEventForFilters(Unknown Source)
	at java.awt.EventDispatchThread.pumpEventsForFilter(Unknown Source)
	at java.awt.EventDispatchThread.pumpEventsForHierarchy(Unknown Source)
	at java.awt.EventDispatchThread.pumpEvents(Unknown Source)
	at java.awt.EventDispatchThread.pumpEvents(Unknown Source)
	at java.awt.EventDispatchThread.run(Unknown Source)
ERROR [AWT-EventQueue-0] 2017-11-05 22:05:46,844 repast.simphony.dataLoader.engine.SpaceProjectionBuilder - Unable to build continuous space 'space': invalid border rule
java.lang.IllegalArgumentException: Invalid border rule
	at repast.simphony.dataLoader.engine.SpaceProjectionBuilder$CSBuilder.init(SpaceProjectionBuilder.java:69)
	at repast.simphony.dataLoader.engine.SpaceProjectionBuilder$CSBuilder.<init>(SpaceProjectionBuilder.java:48)
	at repast.simphony.dataLoader.engine.SpaceProjectionBuilder.getBuilder(SpaceProjectionBuilder.java:109)
	at repast.simphony.dataLoader.engine.ContextBuilderFactory.createBuilder(ContextBuilderFactory.java:85)
	at repast.simphony.dataLoader.engine.ContextXMLBuilder.<init>(ContextXMLBuilder.java:47)
	at repast.simphony.dataLoader.engine.MIContextXMLBuilder.<init>(MIContextXMLBuilder.java:28)
	at repast.simphony.dataLoader.engine.MIContextXMLDataLoaderAction.<init>(MIContextXMLDataLoaderAction.java:53)
	at repast.simphony.dataLoader.engine.MIContextXMLDataLoaderControllerActionIO$ScoreActionLoader.loadAction(MIContextXMLDataLoaderControllerActionIO.java:38)
	at repast.simphony.scenario.ScenarioFileLoader.createActions(ScenarioFileLoader.java:90)
	at repast.simphony.scenario.ScenarioFileLoader.load(ScenarioFileLoader.java:66)
	at repast.simphony.scenario.ScenarioLoader.load(ScenarioLoader.java:193)
	at repast.simphony.ui.RSApplication.open(RSApplication.java:359)
	at repast.simphony.ui.RSAppConfigurator.postWindowOpen(RSAppConfigurator.java:39)
	at saf.core.ui.GUICreatorDelegate.runDisplay(GUICreatorDelegate.java:188)
	at saf.core.ui.GUICreator$1.run(GUICreator.java:18)
	at simphony.util.ThreadUtilities$Runner.run(ThreadUtilities.java:33)
	at simphony.util.ThreadUtilities.runInEventThread(ThreadUtilities.java:47)
	at saf.core.ui.GUICreator.runDisplay(GUICreator.java:16)
	at repast.simphony.ui.RSUIPlugin$1.run(RSUIPlugin.java:104)
	at java.awt.event.InvocationEvent.dispatch(Unknown Source)
	at java.awt.EventQueue.dispatchEventImpl(Unknown Source)
	at java.awt.EventQueue.access$500(Unknown Source)
	at java.awt.EventQueue$3.run(Unknown Source)
	at java.awt.EventQueue$3.run(Unknown Source)
	at java.security.AccessController.doPrivileged(Native Method)
	at java.security.ProtectionDomain$JavaSecurityAccessImpl.doIntersectionPrivilege(Unknown Source)
	at java.awt.EventQueue.dispatchEvent(Unknown Source)
	at java.awt.EventDispatchThread.pumpOneEventForFilters(Unknown Source)
	at java.awt.EventDispatchThread.pumpEventsForFilter(Unknown Source)
	at java.awt.EventDispatchThread.pumpEventsForHierarchy(Unknown Source)
	at java.awt.EventDispatchThread.pumpEvents(Unknown Source)
	at java.awt.EventDispatchThread.pumpEvents(Unknown Source)
	at java.awt.EventDispatchThread.run(Unknown Source)
ERROR [AWT-EventQueue-0] 2017-11-05 22:05:46,844 repast.simphony.dataLoader.engine.GridProjectionBuilder - Unable to build Grid 'grid': too few dimensions specified
java.lang.IllegalArgumentException: Too few dimensions specified
	at repast.simphony.dataLoader.engine.GridProjectionBuilder$GridBuilder.init(GridProjectionBuilder.java:70)
	at repast.simphony.dataLoader.engine.GridProjectionBuilder$GridBuilder.<init>(GridProjectionBuilder.java:50)
	at repast.simphony.dataLoader.engine.GridProjectionBuilder.getBuilder(GridProjectionBuilder.java:117)
	at repast.simphony.dataLoader.engine.ContextBuilderFactory.createBuilder(ContextBuilderFactory.java:85)
	at repast.simphony.dataLoader.engine.ContextXMLBuilder.<init>(ContextXMLBuilder.java:47)
	at repast.simphony.dataLoader.engine.MIContextXMLBuilder.<init>(MIContextXMLBuilder.java:28)
	at repast.simphony.dataLoader.engine.MIContextXMLDataLoaderAction.<init>(MIContextXMLDataLoaderAction.java:53)
	at repast.simphony.dataLoader.engine.MIContextXMLDataLoaderControllerActionIO$ScoreActionLoader.loadAction(MIContextXMLDataLoaderControllerActionIO.java:38)
	at repast.simphony.scenario.ScenarioFileLoader.createActions(ScenarioFileLoader.java:90)
	at repast.simphony.scenario.ScenarioFileLoader.load(ScenarioFileLoader.java:66)
	at repast.simphony.scenario.ScenarioLoader.load(ScenarioLoader.java:193)
	at repast.simphony.ui.RSApplication.open(RSApplication.java:359)
	at repast.simphony.ui.RSAppConfigurator.postWindowOpen(RSAppConfigurator.java:39)
	at saf.core.ui.GUICreatorDelegate.runDisplay(GUICreatorDelegate.java:188)
	at saf.core.ui.GUICreator$1.run(GUICreator.java:18)
	at simphony.util.ThreadUtilities$Runner.run(ThreadUtilities.java:33)
	at simphony.util.ThreadUtilities.runInEventThread(ThreadUtilities.java:47)
	at saf.core.ui.GUICreator.runDisplay(GUICreator.java:16)
	at repast.simphony.ui.RSUIPlugin$1.run(RSUIPlugin.java:104)
	at java.awt.event.InvocationEvent.dispatch(Unknown Source)
	at java.awt.EventQueue.dispatchEventImpl(Unknown Source)
	at java.awt.EventQueue.access$500(Unknown Source)
	at java.awt.EventQueue$3.run(Unknown Source)
	at java.awt.EventQueue$3.run(Unknown Source)
	at java.security.AccessController.doPrivileged(Native Method)
	at java.security.ProtectionDomain$JavaSecurityAccessImpl.doIntersectionPrivilege(Unknown Source)
	at java.awt.EventQueue.dispatchEvent(Unknown Source)
	at java.awt.EventDispatchThread.pumpOneEventForFilters(Unknown Source)
	at java.awt.EventDispatchThread.pumpEventsForFilter(Unknown Source)
	at java.awt.EventDispatchThread.pumpEventsForHierarchy(Unknown Source)
	at java.awt.EventDispatchThread.pumpEvents(Unknown Source)
	at java.awt.EventDispatchThread.pumpEvents(Unknown Source)
	at java.awt.EventDispatchThread.run(Unknown Source)
ERROR [AWT-EventQueue-0] 2017-11-05 22:05:46,862 repast.simphony.dataLoader.engine.GridProjectionBuilder - Unable to build Grid 'grid': invalid border rule
java.lang.IllegalArgumentException: Invalid border rule
	at repast.simphony.dataLoader.engine.GridProjectionBuilder$GridBuilder.init(GridProjectionBuilder.java:75)
	at repast.simphony.dataLoader.engine.GridProjectionBuilder$GridBuilder.<init>(GridProjectionBuilder.java:50)
	at repast.simphony.dataLoader.engine.GridProjectionBuilder.getBuilder(GridProjectionBuilder.java:117)
	at repast.simphony.dataLoader.engine.ContextBuilderFactory.createBuilder(ContextBuilderFactory.java:85)
	at repast.simphony.dataLoader.engine.ContextXMLBuilder.<init>(ContextXMLBuilder.java:47)
	at repast.simphony.dataLoader.engine.MIContextXMLBuilder.<init>(MIContextXMLBuilder.java:28)
	at repast.simphony.dataLoader.engine.MIContextXMLDataLoaderAction.<init>(MIContextXMLDataLoaderAction.java:53)
	at repast.simphony.dataLoader.engine.MIContextXMLDataLoaderControllerActionIO$ScoreActionLoader.loadAction(MIContextXMLDataLoaderControllerActionIO.java:38)
	at repast.simphony.scenario.ScenarioFileLoader.createActions(ScenarioFileLoader.java:90)
	at repast.simphony.scenario.ScenarioFileLoader.load(ScenarioFileLoader.java:66)
	at repast.simphony.scenario.ScenarioLoader.load(ScenarioLoader.java:193)
	at repast.simphony.ui.RSApplication.open(RSApplication.java:359)
	at repast.simphony.ui.RSAppConfigurator.postWindowOpen(RSAppConfigurator.java:39)
	at saf.core.ui.GUICreatorDelegate.runDisplay(GUICreatorDelegate.java:188)
	at saf.core.ui.GUICreator$1.run(GUICreator.java:18)
	at simphony.util.ThreadUtilities$Runner.run(ThreadUtilities.java:33)
	at simphony.util.ThreadUtilities.runInEventThread(ThreadUtilities.java:47)
	at saf.core.ui.GUICreator.runDisplay(GUICreator.java:16)
	at repast.simphony.ui.RSUIPlugin$1.run(RSUIPlugin.java:104)
	at java.awt.event.InvocationEvent.dispatch(Unknown Source)
	at java.awt.EventQueue.dispatchEventImpl(Unknown Source)
	at java.awt.EventQueue.access$500(Unknown Source)
	at java.awt.EventQueue$3.run(Unknown Source)
	at java.awt.EventQueue$3.run(Unknown Source)
	at java.security.AccessController.doPrivileged(Native Method)
	at java.security.ProtectionDomain$JavaSecurityAccessImpl.doIntersectionPrivilege(Unknown Source)
	at java.awt.EventQueue.dispatchEvent(Unknown Source)
	at java.awt.EventDispatchThread.pumpOneEventForFilters(Unknown Source)
	at java.awt.EventDispatchThread.pumpEventsForFilter(Unknown Source)
	at java.awt.EventDispatchThread.pumpEventsForHierarchy(Unknown Source)
	at java.awt.EventDispatchThread.pumpEvents(Unknown Source)
	at java.awt.EventDispatchThread.pumpEvents(Unknown Source)
	at java.awt.EventDispatchThread.run(Unknown Source)
ERROR [AWT-EventQueue-0] 2017-11-05 22:06:07,391 repast.simphony.dataLoader.engine.SpaceProjectionBuilder - Unable to build continuous space 'space': too few dimensions specified
java.lang.IllegalArgumentException: Too few dimensions specified
	at repast.simphony.dataLoader.engine.SpaceProjectionBuilder$CSBuilder.init(SpaceProjectionBuilder.java:64)
	at repast.simphony.dataLoader.engine.SpaceProjectionBuilder$CSBuilder.<init>(SpaceProjectionBuilder.java:48)
	at repast.simphony.dataLoader.engine.SpaceProjectionBuilder.getBuilder(SpaceProjectionBuilder.java:109)
	at repast.simphony.dataLoader.engine.ContextBuilderFactory.createBuilder(ContextBuilderFactory.java:85)
	at repast.simphony.dataLoader.engine.ContextXMLBuilder.<init>(ContextXMLBuilder.java:47)
	at repast.simphony.dataLoader.engine.MIContextXMLBuilder.<init>(MIContextXMLBuilder.java:28)
	at repast.simphony.dataLoader.engine.MIContextXMLDataLoaderAction.<init>(MIContextXMLDataLoaderAction.java:53)
	at repast.simphony.dataLoader.engine.MIContextXMLDataLoaderControllerActionIO$ScoreActionLoader.loadAction(MIContextXMLDataLoaderControllerActionIO.java:38)
	at repast.simphony.scenario.ScenarioFileLoader.createActions(ScenarioFileLoader.java:90)
	at repast.simphony.scenario.ScenarioFileLoader.load(ScenarioFileLoader.java:66)
	at repast.simphony.scenario.ScenarioLoader.load(ScenarioLoader.java:193)
	at repast.simphony.ui.RSApplication.open(RSApplication.java:359)
	at repast.simphony.ui.RSAppConfigurator.postWindowOpen(RSAppConfigurator.java:39)
	at saf.core.ui.GUICreatorDelegate.runDisplay(GUICreatorDelegate.java:188)
	at saf.core.ui.GUICreator$1.run(GUICreator.java:18)
	at simphony.util.ThreadUtilities$Runner.run(ThreadUtilities.java:33)
	at simphony.util.ThreadUtilities.runInEventThread(ThreadUtilities.java:47)
	at saf.core.ui.GUICreator.runDisplay(GUICreator.java:16)
	at repast.simphony.ui.RSUIPlugin$1.run(RSUIPlugin.java:104)
	at java.awt.event.InvocationEvent.dispatch(Unknown Source)
	at java.awt.EventQueue.dispatchEventImpl(Unknown Source)
	at java.awt.EventQueue.access$500(Unknown Source)
	at java.awt.EventQueue$3.run(Unknown Source)
	at java.awt.EventQueue$3.run(Unknown Source)
	at java.security.AccessController.doPrivileged(Native Method)
	at java.security.ProtectionDomain$JavaSecurityAccessImpl.doIntersectionPrivilege(Unknown Source)
	at java.awt.EventQueue.dispatchEvent(Unknown Source)
	at java.awt.EventDispatchThread.pumpOneEventForFilters(Unknown Source)
	at java.awt.EventDispatchThread.pumpEventsForFilter(Unknown Source)
	at java.awt.EventDispatchThread.pumpEventsForHierarchy(Unknown Source)
	at java.awt.EventDispatchThread.pumpEvents(Unknown Source)
	at java.awt.EventDispatchThread.pumpEvents(Unknown Source)
	at java.awt.EventDispatchThread.run(Unknown Source)
ERROR [AWT-EventQueue-0] 2017-11-05 22:06:07,396 repast.simphony.dataLoader.engine.SpaceProjectionBuilder - Unable to build continuous space 'space': invalid border rule
java.lang.IllegalArgumentException: Invalid border rule
	at repast.simphony.dataLoader.engine.SpaceProjectionBuilder$CSBuilder.init(SpaceProjectionBuilder.java:69)
	at repast.simphony.dataLoader.engine.SpaceProjectionBuilder$CSBuilder.<init>(SpaceProjectionBuilder.java:48)
	at repast.simphony.dataLoader.engine.SpaceProjectionBuilder.getBuilder(SpaceProjectionBuilder.java:109)
	at repast.simphony.dataLoader.engine.ContextBuilderFactory.createBuilder(ContextBuilderFactory.java:85)
	at repast.simphony.dataLoader.engine.ContextXMLBuilder.<init>(ContextXMLBuilder.java:47)
	at repast.simphony.dataLoader.engine.MIContextXMLBuilder.<init>(MIContextXMLBuilder.java:28)
	at repast.simphony.dataLoader.engine.MIContextXMLDataLoaderAction.<init>(MIContextXMLDataLoaderAction.java:53)
	at repast.simphony.dataLoader.engine.MIContextXMLDataLoaderControllerActionIO$ScoreActionLoader.loadAction(MIContextXMLDataLoaderControllerActionIO.java:38)
	at repast.simphony.scenario.ScenarioFileLoader.createActions(ScenarioFileLoader.java:90)
	at repast.simphony.scenario.ScenarioFileLoader.load(ScenarioFileLoader.java:66)
	at repast.simphony.scenario.ScenarioLoader.load(ScenarioLoader.java:193)
	at repast.simphony.ui.RSApplication.open(RSApplication.java:359)
	at repast.simphony.ui.RSAppConfigurator.postWindowOpen(RSAppConfigurator.java:39)
	at saf.core.ui.GUICreatorDelegate.runDisplay(GUICreatorDelegate.java:188)
	at saf.core.ui.GUICreator$1.run(GUICreator.java:18)
	at simphony.util.ThreadUtilities$Runner.run(ThreadUtilities.java:33)
	at simphony.util.ThreadUtilities.runInEventThread(ThreadUtilities.java:47)
	at saf.core.ui.GUICreator.runDisplay(GUICreator.java:16)
	at repast.simphony.ui.RSUIPlugin$1.run(RSUIPlugin.java:104)
	at java.awt.event.InvocationEvent.dispatch(Unknown Source)
	at java.awt.EventQueue.dispatchEventImpl(Unknown Source)
	at java.awt.EventQueue.access$500(Unknown Source)
	at java.awt.EventQueue$3.run(Unknown Source)
	at java.awt.EventQueue$3.run(Unknown Source)
	at java.security.AccessController.doPrivileged(Native Method)
	at java.security.ProtectionDomain$JavaSecurityAccessImpl.doIntersectionPrivilege(Unknown Source)
	at java.awt.EventQueue.dispatchEvent(Unknown Source)
	at java.awt.EventDispatchThread.pumpOneEventForFilters(Unknown Source)
	at java.awt.EventDispatchThread.pumpEventsForFilter(Unknown Source)
	at java.awt.EventDispatchThread.pumpEventsForHierarchy(Unknown Source)
	at java.awt.EventDispatchThread.pumpEvents(Unknown Source)
	at java.awt.EventDispatchThread.pumpEvents(Unknown Source)
	at java.awt.EventDispatchThread.run(Unknown Source)
ERROR [AWT-EventQueue-0] 2017-11-05 22:06:07,397 repast.simphony.dataLoader.engine.GridProjectionBuilder - Unable to build Grid 'grid': too few dimensions specified
java.lang.IllegalArgumentException: Too few dimensions specified
	at repast.simphony.dataLoader.engine.GridProjectionBuilder$GridBuilder.init(GridProjectionBuilder.java:70)
	at repast.simphony.dataLoader.engine.GridProjectionBuilder$GridBuilder.<init>(GridProjectionBuilder.java:50)
	at repast.simphony.dataLoader.engine.GridProjectionBuilder.getBuilder(GridProjectionBuilder.java:117)
	at repast.simphony.dataLoader.engine.ContextBuilderFactory.createBuilder(ContextBuilderFactory.java:85)
	at repast.simphony.dataLoader.engine.ContextXMLBuilder.<init>(ContextXMLBuilder.java:47)
	at repast.simphony.dataLoader.engine.MIContextXMLBuilder.<init>(MIContextXMLBuilder.java:28)
	at repast.simphony.dataLoader.engine.MIContextXMLDataLoaderAction.<init>(MIContextXMLDataLoaderAction.java:53)
	at repast.simphony.dataLoader.engine.MIContextXMLDataLoaderControllerActionIO$ScoreActionLoader.loadAction(MIContextXMLDataLoaderControllerActionIO.java:38)
	at repast.simphony.scenario.ScenarioFileLoader.createActions(ScenarioFileLoader.java:90)
	at repast.simphony.scenario.ScenarioFileLoader.load(ScenarioFileLoader.java:66)
	at repast.simphony.scenario.ScenarioLoader.load(ScenarioLoader.java:193)
	at repast.simphony.ui.RSApplication.open(RSApplication.java:359)
	at repast.simphony.ui.RSAppConfigurator.postWindowOpen(RSAppConfigurator.java:39)
	at saf.core.ui.GUICreatorDelegate.runDisplay(GUICreatorDelegate.java:188)
	at saf.core.ui.GUICreator$1.run(GUICreator.java:18)
	at simphony.util.ThreadUtilities$Runner.run(ThreadUtilities.java:33)
	at simphony.util.ThreadUtilities.runInEventThread(ThreadUtilities.java:47)
	at saf.core.ui.GUICreator.runDisplay(GUICreator.java:16)
	at repast.simphony.ui.RSUIPlugin$1.run(RSUIPlugin.java:104)
	at java.awt.event.InvocationEvent.dispatch(Unknown Source)
	at java.awt.EventQueue.dispatchEventImpl(Unknown Source)
	at java.awt.EventQueue.access$500(Unknown Source)
	at java.awt.EventQueue$3.run(Unknown Source)
	at java.awt.EventQueue$3.run(Unknown Source)
	at java.security.AccessController.doPrivileged(Native Method)
	at java.security.ProtectionDomain$JavaSecurityAccessImpl.doIntersectionPrivilege(Unknown Source)
	at java.awt.EventQueue.dispatchEvent(Unknown Source)
	at java.awt.EventDispatchThread.pumpOneEventForFilters(Unknown Source)
	at java.awt.EventDispatchThread.pumpEventsForFilter(Unknown Source)
	at java.awt.EventDispatchThread.pumpEventsForHierarchy(Unknown Source)
	at java.awt.EventDispatchThread.pumpEvents(Unknown Source)
	at java.awt.EventDispatchThread.pumpEvents(Unknown Source)
	at java.awt.EventDispatchThread.run(Unknown Source)
ERROR [AWT-EventQueue-0] 2017-11-05 22:06:07,397 repast.simphony.dataLoader.engine.GridProjectionBuilder - Unable to build Grid 'grid': invalid border rule
java.lang.IllegalArgumentException: Invalid border rule
	at repast.simphony.dataLoader.engine.GridProjectionBuilder$GridBuilder.init(GridProjectionBuilder.java:75)
	at repast.simphony.dataLoader.engine.GridProjectionBuilder$GridBuilder.<init>(GridProjectionBuilder.java:50)
	at repast.simphony.dataLoader.engine.GridProjectionBuilder.getBuilder(GridProjectionBuilder.java:117)
	at repast.simphony.dataLoader.engine.ContextBuilderFactory.createBuilder(ContextBuilderFactory.java:85)
	at repast.simphony.dataLoader.engine.ContextXMLBuilder.<init>(ContextXMLBuilder.java:47)
	at repast.simphony.dataLoader.engine.MIContextXMLBuilder.<init>(MIContextXMLBuilder.java:28)
	at repast.simphony.dataLoader.engine.MIContextXMLDataLoaderAction.<init>(MIContextXMLDataLoaderAction.java:53)
	at repast.simphony.dataLoader.engine.MIContextXMLDataLoaderControllerActionIO$ScoreActionLoader.loadAction(MIContextXMLDataLoaderControllerActionIO.java:38)
	at repast.simphony.scenario.ScenarioFileLoader.createActions(ScenarioFileLoader.java:90)
	at repast.simphony.scenario.ScenarioFileLoader.load(ScenarioFileLoader.java:66)
	at repast.simphony.scenario.ScenarioLoader.load(ScenarioLoader.java:193)
	at repast.simphony.ui.RSApplication.open(RSApplication.java:359)
	at repast.simphony.ui.RSAppConfigurator.postWindowOpen(RSAppConfigurator.java:39)
	at saf.core.ui.GUICreatorDelegate.runDisplay(GUICreatorDelegate.java:188)
	at saf.core.ui.GUICreator$1.run(GUICreator.java:18)
	at simphony.util.ThreadUtilities$Runner.run(ThreadUtilities.java:33)
	at simphony.util.ThreadUtilities.runInEventThread(ThreadUtilities.java:47)
	at saf.core.ui.GUICreator.runDisplay(GUICreator.java:16)
	at repast.simphony.ui.RSUIPlugin$1.run(RSUIPlugin.java:104)
	at java.awt.event.InvocationEvent.dispatch(Unknown Source)
	at java.awt.EventQueue.dispatchEventImpl(Unknown Source)
	at java.awt.EventQueue.access$500(Unknown Source)
	at java.awt.EventQueue$3.run(Unknown Source)
	at java.awt.EventQueue$3.run(Unknown Source)
	at java.security.AccessController.doPrivileged(Native Method)
	at java.security.ProtectionDomain$JavaSecurityAccessImpl.doIntersectionPrivilege(Unknown Source)
	at java.awt.EventQueue.dispatchEvent(Unknown Source)
	at java.awt.EventDispatchThread.pumpOneEventForFilters(Unknown Source)
	at java.awt.EventDispatchThread.pumpEventsForFilter(Unknown Source)
	at java.awt.EventDispatchThread.pumpEventsForHierarchy(Unknown Source)
	at java.awt.EventDispatchThread.pumpEvents(Unknown Source)
	at java.awt.EventDispatchThread.pumpEvents(Unknown Source)
	at java.awt.EventDispatchThread.run(Unknown Source)
ERROR [AWT-EventQueue-0] 2017-11-05 22:06:25,108 repast.simphony.ui.RSApplication - Error while initializing simulation
java.lang.NullPointerException
	at repast.simphony.dataLoader.engine.SpaceProjectionBuilder$CSBuilder.translatorFor(SpaceProjectionBuilder.java:87)
	at repast.simphony.dataLoader.engine.SpaceProjectionBuilder$CSBuilder.build(SpaceProjectionBuilder.java:82)
	at repast.simphony.dataLoader.engine.ContextXMLBuilder.build(ContextXMLBuilder.java:74)
	at repast.simphony.dataLoader.engine.MIContextXMLBuilder.build(MIContextXMLBuilder.java:42)
	at repast.simphony.dataLoader.engine.DataLoaderControllerAction.runInitialize(DataLoaderControllerAction.java:48)
	at repast.simphony.engine.controller.DefaultController$2.visit(DefaultController.java:214)
	at repast.simphony.engine.controller.DefaultController$2.visit(DefaultController.java:1)
	at repast.simphony.util.collections.NaryTree.preOrderTraverals(NaryTree.java:292)
	at repast.simphony.util.collections.NaryTree.preOrderTraverals(NaryTree.java:295)
	at repast.simphony.util.collections.NaryTree.preOrderTraverals(NaryTree.java:295)
	at repast.simphony.util.collections.NaryTree.preOrderTraversal(NaryTree.java:288)
	at repast.simphony.engine.controller.DefaultController.runInitialize(DefaultController.java:212)
	at repast.simphony.engine.controller.DefaultController.runInitialize(DefaultController.java:383)
	at repast.simphony.ui.RSApplication.initSim(RSApplication.java:157)
	at repast.simphony.ui.RSApplication.start(RSApplication.java:189)
	at repast.simphony.ui.action.StartRun.actionPerformed(StartRun.java:17)
	at javax.swing.AbstractButton.fireActionPerformed(Unknown Source)
	at javax.swing.AbstractButton$Handler.actionPerformed(Unknown Source)
	at javax.swing.DefaultButtonModel.fireActionPerformed(Unknown Source)
	at javax.swing.DefaultButtonModel.setPressed(Unknown Source)
	at javax.swing.plaf.basic.BasicButtonListener.mouseReleased(Unknown Source)
	at java.awt.AWTEventMulticaster.mouseReleased(Unknown Source)
	at java.awt.Component.processMouseEvent(Unknown Source)
	at javax.swing.JComponent.processMouseEvent(Unknown Source)
	at java.awt.Component.processEvent(Unknown Source)
	at java.awt.Container.processEvent(Unknown Source)
	at java.awt.Component.dispatchEventImpl(Unknown Source)
	at java.awt.Container.dispatchEventImpl(Unknown Source)
	at java.awt.Component.dispatchEvent(Unknown Source)
	at java.awt.LightweightDispatcher.retargetMouseEvent(Unknown Source)
	at java.awt.LightweightDispatcher.processMouseEvent(Unknown Source)
	at java.awt.LightweightDispatcher.dispatchEvent(Unknown Source)
	at java.awt.Container.dispatchEventImpl(Unknown Source)
	at java.awt.Window.dispatchEventImpl(Unknown Source)
	at java.awt.Component.dispatchEvent(Unknown Source)
	at java.awt.EventQueue.dispatchEventImpl(Unknown Source)
	at java.awt.EventQueue.access$500(Unknown Source)
	at java.awt.EventQueue$3.run(Unknown Source)
	at java.awt.EventQueue$3.run(Unknown Source)
	at java.security.AccessController.doPrivileged(Native Method)
	at java.security.ProtectionDomain$JavaSecurityAccessImpl.doIntersectionPrivilege(Unknown Source)
	at java.security.ProtectionDomain$JavaSecurityAccessImpl.doIntersectionPrivilege(Unknown Source)
	at java.awt.EventQueue$4.run(Unknown Source)
	at java.awt.EventQueue$4.run(Unknown Source)
	at java.security.AccessController.doPrivileged(Native Method)
	at java.security.ProtectionDomain$JavaSecurityAccessImpl.doIntersectionPrivilege(Unknown Source)
	at java.awt.EventQueue.dispatchEvent(Unknown Source)
	at java.awt.EventDispatchThread.pumpOneEventForFilters(Unknown Source)
	at java.awt.EventDispatchThread.pumpEventsForFilter(Unknown Source)
	at java.awt.EventDispatchThread.pumpEventsForHierarchy(Unknown Source)
	at java.awt.EventDispatchThread.pumpEvents(Unknown Source)
	at java.awt.EventDispatchThread.pumpEvents(Unknown Source)
	at java.awt.EventDispatchThread.run(Unknown Source)
ERROR [AWT-EventQueue-0] 2017-11-05 22:11:37,017 repast.simphony.dataLoader.engine.SpaceProjectionBuilder - Unable to build continuous space 'space': too few dimensions specified
java.lang.IllegalArgumentException: Too few dimensions specified
	at repast.simphony.dataLoader.engine.SpaceProjectionBuilder$CSBuilder.init(SpaceProjectionBuilder.java:64)
	at repast.simphony.dataLoader.engine.SpaceProjectionBuilder$CSBuilder.<init>(SpaceProjectionBuilder.java:48)
	at repast.simphony.dataLoader.engine.SpaceProjectionBuilder.getBuilder(SpaceProjectionBuilder.java:109)
	at repast.simphony.dataLoader.engine.ContextBuilderFactory.createBuilder(ContextBuilderFactory.java:85)
	at repast.simphony.dataLoader.engine.ContextXMLBuilder.<init>(ContextXMLBuilder.java:47)
	at repast.simphony.dataLoader.engine.MIContextXMLBuilder.<init>(MIContextXMLBuilder.java:28)
	at repast.simphony.dataLoader.engine.MIContextXMLDataLoaderAction.<init>(MIContextXMLDataLoaderAction.java:53)
	at repast.simphony.dataLoader.engine.MIContextXMLDataLoaderControllerActionIO$ScoreActionLoader.loadAction(MIContextXMLDataLoaderControllerActionIO.java:38)
	at repast.simphony.scenario.ScenarioFileLoader.createActions(ScenarioFileLoader.java:90)
	at repast.simphony.scenario.ScenarioFileLoader.load(ScenarioFileLoader.java:66)
	at repast.simphony.scenario.ScenarioLoader.load(ScenarioLoader.java:193)
	at repast.simphony.ui.RSApplication.open(RSApplication.java:359)
	at repast.simphony.ui.RSAppConfigurator.postWindowOpen(RSAppConfigurator.java:39)
	at saf.core.ui.GUICreatorDelegate.runDisplay(GUICreatorDelegate.java:188)
	at saf.core.ui.GUICreator$1.run(GUICreator.java:18)
	at simphony.util.ThreadUtilities$Runner.run(ThreadUtilities.java:33)
	at simphony.util.ThreadUtilities.runInEventThread(ThreadUtilities.java:47)
	at saf.core.ui.GUICreator.runDisplay(GUICreator.java:16)
	at repast.simphony.ui.RSUIPlugin$1.run(RSUIPlugin.java:104)
	at java.awt.event.InvocationEvent.dispatch(Unknown Source)
	at java.awt.EventQueue.dispatchEventImpl(Unknown Source)
	at java.awt.EventQueue.access$500(Unknown Source)
	at java.awt.EventQueue$3.run(Unknown Source)
	at java.awt.EventQueue$3.run(Unknown Source)
	at java.security.AccessController.doPrivileged(Native Method)
	at java.security.ProtectionDomain$JavaSecurityAccessImpl.doIntersectionPrivilege(Unknown Source)
	at java.awt.EventQueue.dispatchEvent(Unknown Source)
	at java.awt.EventDispatchThread.pumpOneEventForFilters(Unknown Source)
	at java.awt.EventDispatchThread.pumpEventsForFilter(Unknown Source)
	at java.awt.EventDispatchThread.pumpEventsForHierarchy(Unknown Source)
	at java.awt.EventDispatchThread.pumpEvents(Unknown Source)
	at java.awt.EventDispatchThread.pumpEvents(Unknown Source)
	at java.awt.EventDispatchThread.run(Unknown Source)
ERROR [AWT-EventQueue-0] 2017-11-05 22:11:37,017 repast.simphony.dataLoader.engine.SpaceProjectionBuilder - Unable to build continuous space 'space': invalid border rule
java.lang.IllegalArgumentException: Invalid border rule
	at repast.simphony.dataLoader.engine.SpaceProjectionBuilder$CSBuilder.init(SpaceProjectionBuilder.java:69)
	at repast.simphony.dataLoader.engine.SpaceProjectionBuilder$CSBuilder.<init>(SpaceProjectionBuilder.java:48)
	at repast.simphony.dataLoader.engine.SpaceProjectionBuilder.getBuilder(SpaceProjectionBuilder.java:109)
	at repast.simphony.dataLoader.engine.ContextBuilderFactory.createBuilder(ContextBuilderFactory.java:85)
	at repast.simphony.dataLoader.engine.ContextXMLBuilder.<init>(ContextXMLBuilder.java:47)
	at repast.simphony.dataLoader.engine.MIContextXMLBuilder.<init>(MIContextXMLBuilder.java:28)
	at repast.simphony.dataLoader.engine.MIContextXMLDataLoaderAction.<init>(MIContextXMLDataLoaderAction.java:53)
	at repast.simphony.dataLoader.engine.MIContextXMLDataLoaderControllerActionIO$ScoreActionLoader.loadAction(MIContextXMLDataLoaderControllerActionIO.java:38)
	at repast.simphony.scenario.ScenarioFileLoader.createActions(ScenarioFileLoader.java:90)
	at repast.simphony.scenario.ScenarioFileLoader.load(ScenarioFileLoader.java:66)
	at repast.simphony.scenario.ScenarioLoader.load(ScenarioLoader.java:193)
	at repast.simphony.ui.RSApplication.open(RSApplication.java:359)
	at repast.simphony.ui.RSAppConfigurator.postWindowOpen(RSAppConfigurator.java:39)
	at saf.core.ui.GUICreatorDelegate.runDisplay(GUICreatorDelegate.java:188)
	at saf.core.ui.GUICreator$1.run(GUICreator.java:18)
	at simphony.util.ThreadUtilities$Runner.run(ThreadUtilities.java:33)
	at simphony.util.ThreadUtilities.runInEventThread(ThreadUtilities.java:47)
	at saf.core.ui.GUICreator.runDisplay(GUICreator.java:16)
	at repast.simphony.ui.RSUIPlugin$1.run(RSUIPlugin.java:104)
	at java.awt.event.InvocationEvent.dispatch(Unknown Source)
	at java.awt.EventQueue.dispatchEventImpl(Unknown Source)
	at java.awt.EventQueue.access$500(Unknown Source)
	at java.awt.EventQueue$3.run(Unknown Source)
	at java.awt.EventQueue$3.run(Unknown Source)
	at java.security.AccessController.doPrivileged(Native Method)
	at java.security.ProtectionDomain$JavaSecurityAccessImpl.doIntersectionPrivilege(Unknown Source)
	at java.awt.EventQueue.dispatchEvent(Unknown Source)
	at java.awt.EventDispatchThread.pumpOneEventForFilters(Unknown Source)
	at java.awt.EventDispatchThread.pumpEventsForFilter(Unknown Source)
	at java.awt.EventDispatchThread.pumpEventsForHierarchy(Unknown Source)
	at java.awt.EventDispatchThread.pumpEvents(Unknown Source)
	at java.awt.EventDispatchThread.pumpEvents(Unknown Source)
	at java.awt.EventDispatchThread.run(Unknown Source)
ERROR [AWT-EventQueue-0] 2017-11-05 22:11:37,017 repast.simphony.dataLoader.engine.GridProjectionBuilder - Unable to build Grid 'grid': too few dimensions specified
java.lang.IllegalArgumentException: Too few dimensions specified
	at repast.simphony.dataLoader.engine.GridProjectionBuilder$GridBuilder.init(GridProjectionBuilder.java:70)
	at repast.simphony.dataLoader.engine.GridProjectionBuilder$GridBuilder.<init>(GridProjectionBuilder.java:50)
	at repast.simphony.dataLoader.engine.GridProjectionBuilder.getBuilder(GridProjectionBuilder.java:117)
	at repast.simphony.dataLoader.engine.ContextBuilderFactory.createBuilder(ContextBuilderFactory.java:85)
	at repast.simphony.dataLoader.engine.ContextXMLBuilder.<init>(ContextXMLBuilder.java:47)
	at repast.simphony.dataLoader.engine.MIContextXMLBuilder.<init>(MIContextXMLBuilder.java:28)
	at repast.simphony.dataLoader.engine.MIContextXMLDataLoaderAction.<init>(MIContextXMLDataLoaderAction.java:53)
	at repast.simphony.dataLoader.engine.MIContextXMLDataLoaderControllerActionIO$ScoreActionLoader.loadAction(MIContextXMLDataLoaderControllerActionIO.java:38)
	at repast.simphony.scenario.ScenarioFileLoader.createActions(ScenarioFileLoader.java:90)
	at repast.simphony.scenario.ScenarioFileLoader.load(ScenarioFileLoader.java:66)
	at repast.simphony.scenario.ScenarioLoader.load(ScenarioLoader.java:193)
	at repast.simphony.ui.RSApplication.open(RSApplication.java:359)
	at repast.simphony.ui.RSAppConfigurator.postWindowOpen(RSAppConfigurator.java:39)
	at saf.core.ui.GUICreatorDelegate.runDisplay(GUICreatorDelegate.java:188)
	at saf.core.ui.GUICreator$1.run(GUICreator.java:18)
	at simphony.util.ThreadUtilities$Runner.run(ThreadUtilities.java:33)
	at simphony.util.ThreadUtilities.runInEventThread(ThreadUtilities.java:47)
	at saf.core.ui.GUICreator.runDisplay(GUICreator.java:16)
	at repast.simphony.ui.RSUIPlugin$1.run(RSUIPlugin.java:104)
	at java.awt.event.InvocationEvent.dispatch(Unknown Source)
	at java.awt.EventQueue.dispatchEventImpl(Unknown Source)
	at java.awt.EventQueue.access$500(Unknown Source)
	at java.awt.EventQueue$3.run(Unknown Source)
	at java.awt.EventQueue$3.run(Unknown Source)
	at java.security.AccessController.doPrivileged(Native Method)
	at java.security.ProtectionDomain$JavaSecurityAccessImpl.doIntersectionPrivilege(Unknown Source)
	at java.awt.EventQueue.dispatchEvent(Unknown Source)
	at java.awt.EventDispatchThread.pumpOneEventForFilters(Unknown Source)
	at java.awt.EventDispatchThread.pumpEventsForFilter(Unknown Source)
	at java.awt.EventDispatchThread.pumpEventsForHierarchy(Unknown Source)
	at java.awt.EventDispatchThread.pumpEvents(Unknown Source)
	at java.awt.EventDispatchThread.pumpEvents(Unknown Source)
	at java.awt.EventDispatchThread.run(Unknown Source)
ERROR [AWT-EventQueue-0] 2017-11-05 22:11:37,033 repast.simphony.dataLoader.engine.GridProjectionBuilder - Unable to build Grid 'grid': invalid border rule
java.lang.IllegalArgumentException: Invalid border rule
	at repast.simphony.dataLoader.engine.GridProjectionBuilder$GridBuilder.init(GridProjectionBuilder.java:75)
	at repast.simphony.dataLoader.engine.GridProjectionBuilder$GridBuilder.<init>(GridProjectionBuilder.java:50)
	at repast.simphony.dataLoader.engine.GridProjectionBuilder.getBuilder(GridProjectionBuilder.java:117)
	at repast.simphony.dataLoader.engine.ContextBuilderFactory.createBuilder(ContextBuilderFactory.java:85)
	at repast.simphony.dataLoader.engine.ContextXMLBuilder.<init>(ContextXMLBuilder.java:47)
	at repast.simphony.dataLoader.engine.MIContextXMLBuilder.<init>(MIContextXMLBuilder.java:28)
	at repast.simphony.dataLoader.engine.MIContextXMLDataLoaderAction.<init>(MIContextXMLDataLoaderAction.java:53)
	at repast.simphony.dataLoader.engine.MIContextXMLDataLoaderControllerActionIO$ScoreActionLoader.loadAction(MIContextXMLDataLoaderControllerActionIO.java:38)
	at repast.simphony.scenario.ScenarioFileLoader.createActions(ScenarioFileLoader.java:90)
	at repast.simphony.scenario.ScenarioFileLoader.load(ScenarioFileLoader.java:66)
	at repast.simphony.scenario.ScenarioLoader.load(ScenarioLoader.java:193)
	at repast.simphony.ui.RSApplication.open(RSApplication.java:359)
	at repast.simphony.ui.RSAppConfigurator.postWindowOpen(RSAppConfigurator.java:39)
	at saf.core.ui.GUICreatorDelegate.runDisplay(GUICreatorDelegate.java:188)
	at saf.core.ui.GUICreator$1.run(GUICreator.java:18)
	at simphony.util.ThreadUtilities$Runner.run(ThreadUtilities.java:33)
	at simphony.util.ThreadUtilities.runInEventThread(ThreadUtilities.java:47)
	at saf.core.ui.GUICreator.runDisplay(GUICreator.java:16)
	at repast.simphony.ui.RSUIPlugin$1.run(RSUIPlugin.java:104)
	at java.awt.event.InvocationEvent.dispatch(Unknown Source)
	at java.awt.EventQueue.dispatchEventImpl(Unknown Source)
	at java.awt.EventQueue.access$500(Unknown Source)
	at java.awt.EventQueue$3.run(Unknown Source)
	at java.awt.EventQueue$3.run(Unknown Source)
	at java.security.AccessController.doPrivileged(Native Method)
	at java.security.ProtectionDomain$JavaSecurityAccessImpl.doIntersectionPrivilege(Unknown Source)
	at java.awt.EventQueue.dispatchEvent(Unknown Source)
	at java.awt.EventDispatchThread.pumpOneEventForFilters(Unknown Source)
	at java.awt.EventDispatchThread.pumpEventsForFilter(Unknown Source)
	at java.awt.EventDispatchThread.pumpEventsForHierarchy(Unknown Source)
	at java.awt.EventDispatchThread.pumpEvents(Unknown Source)
	at java.awt.EventDispatchThread.pumpEvents(Unknown Source)
	at java.awt.EventDispatchThread.run(Unknown Source)
