2017-11-05 21:54:47,722 - SimpleLog4JLogSystem initialized using logfile 'velocity.log'
2017-11-05 21:54:47,722 - ************************************************************** 
2017-11-05 21:54:47,722 - Starting Jakarta Velocity v1.4
2017-11-05 21:54:47,722 - RuntimeInstance initializing.
2017-11-05 21:54:47,722 - Default Properties File: org\apache\velocity\runtime\defaults\velocity.properties
2017-11-05 21:54:47,722 - Trying to use logger class org.apache.velocity.runtime.log.SimpleLog4JLogSystem
2017-11-05 21:54:47,722 - Using logger class org.apache.velocity.runtime.log.SimpleLog4JLogSystem
2017-11-05 21:54:47,722 - Default ResourceManager initializing. (class org.apache.velocity.runtime.resource.ResourceManagerImpl)
2017-11-05 21:54:47,738 - Resource Loader Instantiated: org.apache.velocity.runtime.resource.loader.ClasspathResourceLoader
2017-11-05 21:54:47,738 - ClasspathResourceLoader : initialization starting.
2017-11-05 21:54:47,738 - ClasspathResourceLoader : initialization complete.
2017-11-05 21:54:47,738 - ResourceCache : initialized. (class org.apache.velocity.runtime.resource.ResourceCacheImpl)
2017-11-05 21:54:47,738 - Default ResourceManager initialization complete.
2017-11-05 21:54:47,738 - Loaded System Directive: org.apache.velocity.runtime.directive.Literal
2017-11-05 21:54:47,738 - Loaded System Directive: org.apache.velocity.runtime.directive.Macro
2017-11-05 21:54:47,738 - Loaded System Directive: org.apache.velocity.runtime.directive.Parse
2017-11-05 21:54:47,738 - Loaded System Directive: org.apache.velocity.runtime.directive.Include
2017-11-05 21:54:47,753 - Loaded System Directive: org.apache.velocity.runtime.directive.Foreach
2017-11-05 21:54:47,784 - Created: 20 parsers.
2017-11-05 21:54:47,784 - Velocimacro : initialization starting.
2017-11-05 21:54:47,784 - Velocimacro : adding VMs from VM library template : VM_global_library.vm
2017-11-05 21:54:47,800 - ResourceManager : unable to find resource 'VM_global_library.vm' in any resource loader.
2017-11-05 21:54:47,800 - Velocimacro : error using  VM library template VM_global_library.vm : org.apache.velocity.exception.ResourceNotFoundException: Unable to find resource 'VM_global_library.vm'
2017-11-05 21:54:47,800 - Velocimacro :  VM library template macro registration complete.
2017-11-05 21:54:47,800 - Velocimacro : allowInline = true : VMs can be defined inline in templates
2017-11-05 21:54:47,800 - Velocimacro : allowInlineToOverride = false : VMs defined inline may NOT replace previous VM definitions
2017-11-05 21:54:47,800 - Velocimacro : allowInlineLocal = false : VMs defined inline will be  global in scope if allowed.
2017-11-05 21:54:47,800 - Velocimacro : messages on  : VM system will output logging messages
2017-11-05 21:54:47,800 - Velocimacro : autoload off  : VM system will not automatically reload global library macros
2017-11-05 21:54:47,800 - Velocimacro : initialization complete.
2017-11-05 21:54:47,800 - Velocity successfully started.
2017-11-05 21:58:47,851 - SimpleLog4JLogSystem initialized using logfile 'velocity.log'
2017-11-05 21:58:47,851 - ************************************************************** 
2017-11-05 21:58:47,851 - Starting Jakarta Velocity v1.4
2017-11-05 21:58:47,851 - RuntimeInstance initializing.
2017-11-05 21:58:47,851 - Default Properties File: org\apache\velocity\runtime\defaults\velocity.properties
2017-11-05 21:58:47,851 - Trying to use logger class org.apache.velocity.runtime.log.SimpleLog4JLogSystem
2017-11-05 21:58:47,851 - Using logger class org.apache.velocity.runtime.log.SimpleLog4JLogSystem
2017-11-05 21:58:47,867 - Default ResourceManager initializing. (class org.apache.velocity.runtime.resource.ResourceManagerImpl)
2017-11-05 21:58:47,867 - Resource Loader Instantiated: org.apache.velocity.runtime.resource.loader.ClasspathResourceLoader
2017-11-05 21:58:47,867 - ClasspathResourceLoader : initialization starting.
2017-11-05 21:58:47,867 - ClasspathResourceLoader : initialization complete.
2017-11-05 21:58:47,867 - ResourceCache : initialized. (class org.apache.velocity.runtime.resource.ResourceCacheImpl)
2017-11-05 21:58:47,867 - Default ResourceManager initialization complete.
2017-11-05 21:58:47,882 - Loaded System Directive: org.apache.velocity.runtime.directive.Literal
2017-11-05 21:58:47,882 - Loaded System Directive: org.apache.velocity.runtime.directive.Macro
2017-11-05 21:58:47,898 - Loaded System Directive: org.apache.velocity.runtime.directive.Parse
2017-11-05 21:58:47,898 - Loaded System Directive: org.apache.velocity.runtime.directive.Include
2017-11-05 21:58:47,898 - Loaded System Directive: org.apache.velocity.runtime.directive.Foreach
2017-11-05 21:58:47,929 - Created: 20 parsers.
2017-11-05 21:58:47,929 - Velocimacro : initialization starting.
2017-11-05 21:58:47,929 - Velocimacro : adding VMs from VM library template : VM_global_library.vm
2017-11-05 21:58:47,945 - ResourceManager : unable to find resource 'VM_global_library.vm' in any resource loader.
2017-11-05 21:58:47,945 - Velocimacro : error using  VM library template VM_global_library.vm : org.apache.velocity.exception.ResourceNotFoundException: Unable to find resource 'VM_global_library.vm'
2017-11-05 21:58:47,945 - Velocimacro :  VM library template macro registration complete.
2017-11-05 21:58:47,945 - Velocimacro : allowInline = true : VMs can be defined inline in templates
2017-11-05 21:58:47,945 - Velocimacro : allowInlineToOverride = false : VMs defined inline may NOT replace previous VM definitions
2017-11-05 21:58:47,945 - Velocimacro : allowInlineLocal = false : VMs defined inline will be  global in scope if allowed.
2017-11-05 21:58:47,945 - Velocimacro : messages on  : VM system will output logging messages
2017-11-05 21:58:47,945 - Velocimacro : autoload off  : VM system will not automatically reload global library macros
2017-11-05 21:58:47,945 - Velocimacro : initialization complete.
2017-11-05 21:58:47,945 - Velocity successfully started.
2017-11-05 22:03:14,240 - SimpleLog4JLogSystem initialized using logfile 'velocity.log'
2017-11-05 22:03:14,240 - ************************************************************** 
2017-11-05 22:03:14,240 - Starting Jakarta Velocity v1.4
2017-11-05 22:03:14,240 - RuntimeInstance initializing.
2017-11-05 22:03:14,240 - Default Properties File: org\apache\velocity\runtime\defaults\velocity.properties
2017-11-05 22:03:14,240 - Trying to use logger class org.apache.velocity.runtime.log.SimpleLog4JLogSystem
2017-11-05 22:03:14,240 - Using logger class org.apache.velocity.runtime.log.SimpleLog4JLogSystem
2017-11-05 22:03:14,240 - Default ResourceManager initializing. (class org.apache.velocity.runtime.resource.ResourceManagerImpl)
2017-11-05 22:03:14,240 - Resource Loader Instantiated: org.apache.velocity.runtime.resource.loader.ClasspathResourceLoader
2017-11-05 22:03:14,240 - ClasspathResourceLoader : initialization starting.
2017-11-05 22:03:14,240 - ClasspathResourceLoader : initialization complete.
2017-11-05 22:03:14,240 - ResourceCache : initialized. (class org.apache.velocity.runtime.resource.ResourceCacheImpl)
2017-11-05 22:03:14,240 - Default ResourceManager initialization complete.
2017-11-05 22:03:14,255 - Loaded System Directive: org.apache.velocity.runtime.directive.Literal
2017-11-05 22:03:14,255 - Loaded System Directive: org.apache.velocity.runtime.directive.Macro
2017-11-05 22:03:14,255 - Loaded System Directive: org.apache.velocity.runtime.directive.Parse
2017-11-05 22:03:14,255 - Loaded System Directive: org.apache.velocity.runtime.directive.Include
2017-11-05 22:03:14,255 - Loaded System Directive: org.apache.velocity.runtime.directive.Foreach
2017-11-05 22:03:14,302 - Created: 20 parsers.
2017-11-05 22:03:14,318 - Velocimacro : initialization starting.
2017-11-05 22:03:14,318 - Velocimacro : adding VMs from VM library template : VM_global_library.vm
2017-11-05 22:03:14,318 - ResourceManager : unable to find resource 'VM_global_library.vm' in any resource loader.
2017-11-05 22:03:14,318 - Velocimacro : error using  VM library template VM_global_library.vm : org.apache.velocity.exception.ResourceNotFoundException: Unable to find resource 'VM_global_library.vm'
2017-11-05 22:03:14,318 - Velocimacro :  VM library template macro registration complete.
2017-11-05 22:03:14,318 - Velocimacro : allowInline = true : VMs can be defined inline in templates
2017-11-05 22:03:14,318 - Velocimacro : allowInlineToOverride = false : VMs defined inline may NOT replace previous VM definitions
2017-11-05 22:03:14,318 - Velocimacro : allowInlineLocal = false : VMs defined inline will be  global in scope if allowed.
2017-11-05 22:03:14,318 - Velocimacro : messages on  : VM system will output logging messages
2017-11-05 22:03:14,318 - Velocimacro : autoload off  : VM system will not automatically reload global library macros
2017-11-05 22:03:14,318 - Velocimacro : initialization complete.
2017-11-05 22:03:14,318 - Velocity successfully started.
2017-11-05 22:05:44,219 - SimpleLog4JLogSystem initialized using logfile 'velocity.log'
2017-11-05 22:05:44,219 - ************************************************************** 
2017-11-05 22:05:44,219 - Starting Jakarta Velocity v1.4
2017-11-05 22:05:44,219 - RuntimeInstance initializing.
2017-11-05 22:05:44,219 - Default Properties File: org\apache\velocity\runtime\defaults\velocity.properties
2017-11-05 22:05:44,219 - Trying to use logger class org.apache.velocity.runtime.log.SimpleLog4JLogSystem
2017-11-05 22:05:44,219 - Using logger class org.apache.velocity.runtime.log.SimpleLog4JLogSystem
2017-11-05 22:05:44,219 - Default ResourceManager initializing. (class org.apache.velocity.runtime.resource.ResourceManagerImpl)
2017-11-05 22:05:44,234 - Resource Loader Instantiated: org.apache.velocity.runtime.resource.loader.ClasspathResourceLoader
2017-11-05 22:05:44,234 - ClasspathResourceLoader : initialization starting.
2017-11-05 22:05:44,234 - ClasspathResourceLoader : initialization complete.
2017-11-05 22:05:44,234 - ResourceCache : initialized. (class org.apache.velocity.runtime.resource.ResourceCacheImpl)
2017-11-05 22:05:44,234 - Default ResourceManager initialization complete.
2017-11-05 22:05:44,234 - Loaded System Directive: org.apache.velocity.runtime.directive.Literal
2017-11-05 22:05:44,234 - Loaded System Directive: org.apache.velocity.runtime.directive.Macro
2017-11-05 22:05:44,250 - Loaded System Directive: org.apache.velocity.runtime.directive.Parse
2017-11-05 22:05:44,297 - Loaded System Directive: org.apache.velocity.runtime.directive.Include
2017-11-05 22:05:44,313 - Loaded System Directive: org.apache.velocity.runtime.directive.Foreach
2017-11-05 22:05:44,375 - Created: 20 parsers.
2017-11-05 22:05:44,391 - Velocimacro : initialization starting.
2017-11-05 22:05:44,391 - Velocimacro : adding VMs from VM library template : VM_global_library.vm
2017-11-05 22:05:44,391 - ResourceManager : unable to find resource 'VM_global_library.vm' in any resource loader.
2017-11-05 22:05:44,391 - Velocimacro : error using  VM library template VM_global_library.vm : org.apache.velocity.exception.ResourceNotFoundException: Unable to find resource 'VM_global_library.vm'
2017-11-05 22:05:44,391 - Velocimacro :  VM library template macro registration complete.
2017-11-05 22:05:44,391 - Velocimacro : allowInline = true : VMs can be defined inline in templates
2017-11-05 22:05:44,391 - Velocimacro : allowInlineToOverride = false : VMs defined inline may NOT replace previous VM definitions
2017-11-05 22:05:44,391 - Velocimacro : allowInlineLocal = false : VMs defined inline will be  global in scope if allowed.
2017-11-05 22:05:44,391 - Velocimacro : messages on  : VM system will output logging messages
2017-11-05 22:05:44,391 - Velocimacro : autoload off  : VM system will not automatically reload global library macros
2017-11-05 22:05:44,391 - Velocimacro : initialization complete.
2017-11-05 22:05:44,391 - Velocity successfully started.
2017-11-05 22:06:04,797 - SimpleLog4JLogSystem initialized using logfile 'velocity.log'
2017-11-05 22:06:04,797 - ************************************************************** 
2017-11-05 22:06:04,797 - Starting Jakarta Velocity v1.4
2017-11-05 22:06:04,797 - RuntimeInstance initializing.
2017-11-05 22:06:04,797 - Default Properties File: org\apache\velocity\runtime\defaults\velocity.properties
2017-11-05 22:06:04,797 - Trying to use logger class org.apache.velocity.runtime.log.SimpleLog4JLogSystem
2017-11-05 22:06:04,797 - Using logger class org.apache.velocity.runtime.log.SimpleLog4JLogSystem
2017-11-05 22:06:04,813 - Default ResourceManager initializing. (class org.apache.velocity.runtime.resource.ResourceManagerImpl)
2017-11-05 22:06:04,813 - Resource Loader Instantiated: org.apache.velocity.runtime.resource.loader.ClasspathResourceLoader
2017-11-05 22:06:04,813 - ClasspathResourceLoader : initialization starting.
2017-11-05 22:06:04,813 - ClasspathResourceLoader : initialization complete.
2017-11-05 22:06:04,813 - ResourceCache : initialized. (class org.apache.velocity.runtime.resource.ResourceCacheImpl)
2017-11-05 22:06:04,813 - Default ResourceManager initialization complete.
2017-11-05 22:06:04,813 - Loaded System Directive: org.apache.velocity.runtime.directive.Literal
2017-11-05 22:06:04,813 - Loaded System Directive: org.apache.velocity.runtime.directive.Macro
2017-11-05 22:06:04,829 - Loaded System Directive: org.apache.velocity.runtime.directive.Parse
2017-11-05 22:06:04,829 - Loaded System Directive: org.apache.velocity.runtime.directive.Include
2017-11-05 22:06:04,829 - Loaded System Directive: org.apache.velocity.runtime.directive.Foreach
2017-11-05 22:06:04,860 - Created: 20 parsers.
2017-11-05 22:06:04,876 - Velocimacro : initialization starting.
2017-11-05 22:06:04,876 - Velocimacro : adding VMs from VM library template : VM_global_library.vm
2017-11-05 22:06:04,891 - ResourceManager : unable to find resource 'VM_global_library.vm' in any resource loader.
2017-11-05 22:06:04,891 - Velocimacro : error using  VM library template VM_global_library.vm : org.apache.velocity.exception.ResourceNotFoundException: Unable to find resource 'VM_global_library.vm'
2017-11-05 22:06:04,891 - Velocimacro :  VM library template macro registration complete.
2017-11-05 22:06:04,891 - Velocimacro : allowInline = true : VMs can be defined inline in templates
2017-11-05 22:06:04,891 - Velocimacro : allowInlineToOverride = false : VMs defined inline may NOT replace previous VM definitions
2017-11-05 22:06:04,891 - Velocimacro : allowInlineLocal = false : VMs defined inline will be  global in scope if allowed.
2017-11-05 22:06:04,891 - Velocimacro : messages on  : VM system will output logging messages
2017-11-05 22:06:04,891 - Velocimacro : autoload off  : VM system will not automatically reload global library macros
2017-11-05 22:06:04,891 - Velocimacro : initialization complete.
2017-11-05 22:06:04,891 - Velocity successfully started.
2017-11-05 22:11:34,548 - SimpleLog4JLogSystem initialized using logfile 'velocity.log'
2017-11-05 22:11:34,548 - ************************************************************** 
2017-11-05 22:11:34,548 - Starting Jakarta Velocity v1.4
2017-11-05 22:11:34,548 - RuntimeInstance initializing.
2017-11-05 22:11:34,548 - Default Properties File: org\apache\velocity\runtime\defaults\velocity.properties
2017-11-05 22:11:34,548 - Trying to use logger class org.apache.velocity.runtime.log.SimpleLog4JLogSystem
2017-11-05 22:11:34,548 - Using logger class org.apache.velocity.runtime.log.SimpleLog4JLogSystem
2017-11-05 22:11:34,548 - Default ResourceManager initializing. (class org.apache.velocity.runtime.resource.ResourceManagerImpl)
2017-11-05 22:11:34,548 - Resource Loader Instantiated: org.apache.velocity.runtime.resource.loader.ClasspathResourceLoader
2017-11-05 22:11:34,548 - ClasspathResourceLoader : initialization starting.
2017-11-05 22:11:34,548 - ClasspathResourceLoader : initialization complete.
2017-11-05 22:11:34,564 - ResourceCache : initialized. (class org.apache.velocity.runtime.resource.ResourceCacheImpl)
2017-11-05 22:11:34,564 - Default ResourceManager initialization complete.
2017-11-05 22:11:34,564 - Loaded System Directive: org.apache.velocity.runtime.directive.Literal
2017-11-05 22:11:34,564 - Loaded System Directive: org.apache.velocity.runtime.directive.Macro
2017-11-05 22:11:34,564 - Loaded System Directive: org.apache.velocity.runtime.directive.Parse
2017-11-05 22:11:34,580 - Loaded System Directive: org.apache.velocity.runtime.directive.Include
2017-11-05 22:11:34,580 - Loaded System Directive: org.apache.velocity.runtime.directive.Foreach
2017-11-05 22:11:34,611 - Created: 20 parsers.
2017-11-05 22:11:34,627 - Velocimacro : initialization starting.
2017-11-05 22:11:34,627 - Velocimacro : adding VMs from VM library template : VM_global_library.vm
2017-11-05 22:11:34,627 - ResourceManager : unable to find resource 'VM_global_library.vm' in any resource loader.
2017-11-05 22:11:34,627 - Velocimacro : error using  VM library template VM_global_library.vm : org.apache.velocity.exception.ResourceNotFoundException: Unable to find resource 'VM_global_library.vm'
2017-11-05 22:11:34,627 - Velocimacro :  VM library template macro registration complete.
2017-11-05 22:11:34,627 - Velocimacro : allowInline = true : VMs can be defined inline in templates
2017-11-05 22:11:34,627 - Velocimacro : allowInlineToOverride = false : VMs defined inline may NOT replace previous VM definitions
2017-11-05 22:11:34,627 - Velocimacro : allowInlineLocal = false : VMs defined inline will be  global in scope if allowed.
2017-11-05 22:11:34,627 - Velocimacro : messages on  : VM system will output logging messages
2017-11-05 22:11:34,627 - Velocimacro : autoload off  : VM system will not automatically reload global library macros
2017-11-05 22:11:34,627 - Velocimacro : initialization complete.
2017-11-05 22:11:34,627 - Velocity successfully started.
